2024-05-16T16:02:00+00:00 CRITICAL Uncaught Error: Xdebug has detected a possible infinite loop, and aborted your script with a stack depth of '256' frames in C:\wamp64\www\Own\sufsalInternational\wp-content\plugins\w3-total-cache\ObjectCache_WpObjectCache_Regular.php:675
Stack trace:
#0 C:\wamp64\www\Own\sufsalInternational\wp-content\plugins\w3-total-cache\ObjectCache_WpObjectCache_Regular.php(675): in_array('options', Array)
#1 C:\wamp64\www\Own\sufsalInternational\wp-content\plugins\w3-total-cache\ObjectCache_WpObjectCache_Regular.php(139): W3TC\ObjectCache_WpObjectCache_Regular->_get_cache_key('notoptions', 'options')
#2 C:\wamp64\www\Own\sufsalInternational\wp-content\plugins\w3-total-cache\ObjectCache_WpObjectCache.php(36): W3TC\ObjectCache_WpObjectCache_Regular->get('notoptions', 'options', false, NULL)
#3 C:\wamp64\www\Own\sufsalInternational\wp-content\object-cache.php(52): W3TC\ObjectCache_WpObjectCache->get('notoptions', 'options', false, NULL)
#4 C:\wamp64\www\Own\sufsalInternational\wp-includes\option.php(165): wp_cache_get('notoptions', 'options')
#5 C:\wamp64\www\Own\sufsalInternational\wp-includes\link-template.php(3342): get_option('home')
#6 C:\wamp64\www\Own\sufsalInternational\wp-includes\link-template.php(3320): get_home_url(NULL, '', NULL)
#7 C:\wamp64\www\Own\sufsalInternational\wp-includes\general-template.php(810): home_url()
#8 C:\wamp64\www\Own\sufsalInternational\wp-includes\class-wp-http.php(192): get_bloginfo('url')
#9 C:\wamp64\www\Own\sufsalInternational\wp-includes\class-wp-http.php(633): WP_Http->request('htpp://onts.goo...', Array)
#10 C:\wamp64\www\Own\sufsalInternational\wp-includes\http.php(162): WP_Http->get('htpp://onts.goo...', Array)
#11 C:\wamp64\www\Own\sufsalInternational\wp-content\themes\storepress\inc\wptt-webfont-loader.php(262): wp_remote_get('htpp://onts.goo...', Array)
#12 C:\wamp64\www\Own\sufsalInternational\wp-content\themes\storepress\inc\wptt-webfont-loader.php(190): WPTT_WebFont_Loader->get_remote_url_contents()
#13 C:\wamp64\www\Own\sufsalInternational\wp-content\themes\storepress\inc\wptt-webfont-loader.php(464): WPTT_WebFont_Loader->get_styles()
#14 C:\wamp64\www\Own\sufsalInternational\wp-content\themes\storepress\inc\wptt-webfont-loader.php(210): WPTT_WebFont_Loader->write_stylesheet()
#15 C:\wamp64\www\Own\sufsalInternational\wp-content\themes\storepress\inc\wptt-webfont-loader.php(464): WPTT_WebFont_Loader->get_styles()
#16 C:\wamp64\www\Own\sufsalInternational\wp-content\themes\storepress\inc\wptt-webfont-loader.php(210): WPTT_WebFont_Loader->write_stylesheet()
#17 C:\wamp64\www\Own\sufsalInternational\wp-content\themes\storepress\inc\wptt-webfont-loader.php(464): WPTT_WebFont_Loader->get_styles()
#18 C:\wamp64\www\Own\sufsalInternational\wp-content\themes\storepress\inc\wptt-webfont-loader.php(210): WPTT_WebFont_Loader->write_stylesheet()
#19 C:\wamp64\www\Own\sufsalInternational\wp-content\themes\storepress\inc\wptt-webfont-loader.php(464): WPTT_WebFont_Loader->get_styles()
#20 C:\wamp64\www\Own\sufsalInternational\wp-content\themes\storepress\inc\wptt-webfont-loader.php(210): WPTT_WebFont_Loader->write_stylesheet()
#21 C:\wamp64\www\Own\sufsalInternational\wp-content\themes\storepress\inc\wptt-webfont-loader.php(464): WPTT_WebFont_Loader->get_styles()
#22 C:\wamp64\www\Own\sufsalInternational\wp-content\themes\storepress\inc\wptt-webfont-loader.php(210): WPTT_WebFont_Loader->write_stylesheet()
#23 C:\wamp64\www\Own\sufsalInternational\wp-content\themes\storepress\inc\wptt-webfont-loader.php(464): WPTT_WebFont_Loader->get_styles()
#24 C:\wamp64\www\Own\sufsalInternational\wp-content\themes\storepress\inc\wptt-webfont-loader.php(210): WPTT_WebFont_Loader->write_stylesheet()
#25 C:\wamp64\www\Own\sufsalInternational\wp-content\themes\storepress\inc\wptt-webfont-loader.php(464): WPTT_WebFont_Loader->get_styles()
#26 C:\wamp64\www\Own\sufsalInternational\wp-content\themes\storepress\inc\wptt-webfont-loader.php(210): WPTT_WebFont_Loader->write_stylesheet()
#27 C:\wamp64\www\Own\sufsalInternational\wp-content\themes\storepress\inc\wptt-webfont-loader.php(464): WPTT_WebFont_Loader->get_styles()
#28 C:\wamp64\www\Own\sufsalInternational\wp-content\themes\storepress\inc\wptt-webfont-loader.php(210): WPTT_WebFont_Loader->write_stylesheet()
#29 C:\wamp64\www\Own\sufsalInternational\wp-content\themes\storepress\inc\wptt-webfont-loader.php(464): WPTT_WebFont_Loader->get_styles()
#30 C:\wamp64\www\Own\sufsalInternational\wp-content\themes\storepress\inc\wptt-webfont-loader.php(210): WPTT_WebFont_Loader->write_stylesheet()
#31 C:\wamp64\www\Own\sufsalInternational\wp-content\themes\storepress\inc\wptt-webfont-loader.php(464): WPTT_WebFont_Loader->get_styles()
#32 C:\wamp64\www\Own\sufsalInternational\wp-content\themes\storepress\inc\wptt-webfont-loader.php(210): WPTT_WebFont_Loader->write_stylesheet()
#33 C:\wamp64\www\Own\sufsalInternational\wp-content\themes\storepress\inc\wptt-webfont-loader.php(464): WPTT_WebFont_Loader->get_styles()
#34 C:\wamp64\www\Own\sufsalInternational\wp-content\themes\storepress\inc\wptt-webfont-loader.php(210): WPTT_WebFont_Loader->write_stylesheet()
#35 C:\wamp64\www\Own\sufsalInternational\wp-content\themes\storepress\inc\wptt-webfont-loader.php(464): WPTT_WebFont_Loader->get_styles()
#36 C:\wamp64\www\Own\sufsalInternational\wp-content\themes\storepress\inc\wptt-webfont-loader.php(210): WPTT_WebFont_Loader->write_stylesheet()
#37 C:\wamp64\www\Own\sufsalInternational\wp-content\themes\storepress\inc\wptt-webfont-loader.php(464): WPTT_WebFont_Loader->get_styles()
#38 C:\wamp64\www\Own\sufsalInternational\wp-content\themes\storepress\inc\wptt-webfont-loader.php(210): WPTT_WebFont_Loader->write_stylesheet()
#39 C:\wamp64\www\Own\sufsalInternational\wp-content\themes\storepress\inc\wptt-webfont-loader.php(464): WPTT_WebFont_Loader->get_styles()
#40 C:\wamp64\www\Own\sufsalInternational\wp-content\themes\storepress\inc\wptt-webfont-loader.php(210): WPTT_WebFont_Loader->write_stylesheet()
#41 C:\wamp64\www\Own\sufsalInternational\wp-content\themes\storepress\inc\wptt-webfont-loader.php(464): WPTT_WebFont_Loader->get_styles()
#42 C:\wamp64\www\Own\sufsalInternational\wp-content\themes\storepress\inc\wptt-webfont-loader.php(210): WPTT_WebFont_Loader->write_stylesheet()
#43 C:\wamp64\www\Own\sufsalInternational\wp-content\themes\storepress\inc\wptt-webfont-loader.php(464): WPTT_WebFont_Loader->get_styles()
#44 C:\wamp64\www\Own\sufsalInternational\wp-content\themes\storepress\inc\wptt-webfont-loader.php(210): WPTT_WebFont_Loader->write_stylesheet()
#45 C:\wamp64\www\Own\sufsalInternational\wp-content\themes\storepress\inc\wptt-webfont-loader.php(464): WPTT_WebFont_Loader->get_styles()
#46 C:\wamp64\www\Own\sufsalInternational\wp-content\themes\storepress\inc\wptt-webfont-loader.php(210): WPTT_WebFont_Loader->write_stylesheet()
#47 C:\wamp64\www\Own\sufsalInternational\wp-content\themes\storepress\inc\wptt-webfont-loader.php(464): WPTT_WebFont_Loader->get_styles()
#48 C:\wamp64\www\Own\sufsalInternational\wp-content\themes\storepress\inc\wptt-webfont-loader.php(210): WPTT_WebFont_Loader->write_stylesheet()
#49 C:\wamp64\www\Own\sufsalInternational\wp-content\themes\storepress\inc\wptt-webfont-loader.php(464): WPTT_WebFont_Loader->get_styles()
#50 C:\wamp64\www\Own\sufsalInternational\wp-content\themes\storepress\inc\wptt-webfont-loader.php(210): WPTT_WebFont_Loader->write_stylesheet()
#51 C:\wamp64\www\Own\sufsalInternational\wp-content\themes\storepress\inc\wptt-webfont-loader.php(464): WPTT_WebFont_Loader->get_styles()
#52 C:\wamp64\www\Own\sufsalInternational\wp-content\themes\storepress\inc\wptt-webfont-loader.php(210): WPTT_WebFont_Loader->write_stylesheet()
#53 C:\wamp64\www\Own\sufsalInternational\wp-content\themes\storepress\inc\wptt-webfont-loader.php(464): WPTT_WebFont_Loader->get_styles()
#54 C:\wamp64\www\Own\sufsalInternational\wp-content\themes\storepress\inc\wptt-webfont-loader.php(210): WPTT_WebFont_Loader->write_stylesheet()
#55 C:\wamp64\www\Own\sufsalInternational\wp-content\themes\storepress\inc\wptt-webfont-loader.php(464): WPTT_WebFont_Loader->get_styles()
#56 C:\wamp64\www\Own\sufsalInternational\wp-content\themes\storepress\inc\wptt-webfont-loader.php(210): WPTT_WebFont_Loader->write_stylesheet()
#57 C:\wamp64\www\Own\sufsalInternational\wp-content\themes\storepress\inc\wptt-webfont-loader.php(464): WPTT_WebFont_Loader->get_styles()
#58 C:\wamp64\www\Own\sufsalInternational\wp-content\themes\storepress\inc\wptt-webfont-loader.php(210): WPTT_WebFont_Loader->write_stylesheet()
#59 C:\wamp64\www\Own\sufsalInternational\wp-content\themes\storepress\inc\wptt-webfont-loader.php(464): WPTT_WebFont_Loader->get_styles()
#60 C:\wamp64\www\Own\sufsalInternational\wp-content\themes\storepress\inc\wptt-webfont-loader.php(210): WPTT_WebFont_Loader->write_stylesheet()
#61 C:\wamp64\www\Own\sufsalInternational\wp-content\themes\storepress\inc\wptt-webfont-loader.php(464): WPTT_WebFont_Loader->get_styles()
#62 C:\wamp64\www\Own\sufsalInternational\wp-content\themes\storepress\inc\wptt-webfont-loader.php(210): WPTT_WebFont_Loader->write_stylesheet()
#63 C:\wamp64\www\Own\sufsalInternational\wp-content\themes\storepress\inc\wptt-webfont-loader.php(464): WPTT_WebFont_Loader->get_styles()
#64 C:\wamp64\www\Own\sufsalInternational\wp-content\themes\storepress\inc\wptt-webfont-loader.php(210): WPTT_WebFont_Loader->write_stylesheet()
#65 C:\wamp64\www\Own\sufsalInternational\wp-content\themes\storepress\inc\wptt-webfont-loader.php(464): WPTT_WebFont_Loader->get_styles()
#66 C:\wamp64\www\Own\sufsalInternational\wp-content\themes\storepress\inc\wptt-webfont-loader.php(210): WPTT_WebFont_Loader->write_stylesheet()
#67 C:\wamp64\www\Own\sufsalInternational\wp-content\themes\storepress\inc\wptt-webfont-loader.php(464): WPTT_WebFont_Loader->get_styles()
#68 C:\wamp64\www\Own\sufsalInternational\wp-content\themes\storepress\inc\wptt-webfont-loader.php(210): WPTT_WebFont_Loader->write_stylesheet()
#69 C:\wamp64\www\Own\sufsalInternational\wp-content\themes\storepress\inc\wptt-webfont-loader.php(464): WPTT_WebFont_Loader->get_styles()
#70 C:\wamp64\www\Own\sufsalInternational\wp-content\themes\storepress\inc\wptt-webfont-loader.php(210): WPTT_WebFont_Loader->write_stylesheet()
#71 C:\wamp64\www\Own\sufsalInternational\wp-content\themes\storepress\inc\wptt-webfont-loader.php(464): WPTT_WebFont_Loader->get_styles()
#72 C:\wamp64\www\Own\sufsalInternational\wp-content\themes\storepress\inc\wptt-webfont-loader.php(210): WPTT_WebFont_Loader->write_stylesheet()
#73 C:\wamp64\www\Own\sufsalInternational\wp-content\themes\storepress\inc\wptt-webfont-loader.php(464): WPTT_WebFont_Loader->get_styles()
#74 C:\wamp64\www\Own\sufsalInternational\wp-content\themes\storepress\inc\wptt-webfont-loader.php(210): WPTT_WebFont_Loader->write_stylesheet()
#75 C:\wamp64\www\Own\sufsalInternational\wp-content\themes\storepress\inc\wptt-webfont-loader.php(464): WPTT_WebFont_Loader->get_styles()
#76 C:\wamp64\www\Own\sufsalInternational\wp-content\themes\storepress\inc\wptt-webfont-loader.php(210): WPTT_WebFont_Loader->write_stylesheet()
#77 C:\wamp64\www\Own\sufsalInternational\wp-content\themes\storepress\inc\wptt-webfont-loader.php(464): WPTT_WebFont_Loader->get_styles()
#78 C:\wamp64\www\Own\sufsalInternational\wp-content\themes\storepress\inc\wptt-webfont-loader.php(210): WPTT_WebFont_Loader->write_stylesheet()
#79 C:\wamp64\www\Own\sufsalInternational\wp-content\themes\storepress\inc\wptt-webfont-loader.php(464): WPTT_WebFont_Loader->get_styles()
#80 C:\wamp64\www\Own\sufsalInternational\wp-content\themes\storepress\inc\wptt-webfont-loader.php(210): WPTT_WebFont_Loader->write_stylesheet()
#81 C:\wamp64\www\Own\sufsalInternational\wp-content\themes\storepress\inc\wptt-webfont-loader.php(464): WPTT_WebFont_Loader->get_styles()
#82 C:\wamp64\www\Own\sufsalInternational\wp-content\themes\storepress\inc\wptt-webfont-loader.php(210): WPTT_WebFont_Loader->write_stylesheet()
#83 C:\wamp64\www\Own\sufsalInternational\wp-content\themes\storepress\inc\wptt-webfont-loader.php(464): WPTT_WebFont_Loader->get_styles()
#84 C:\wamp64\www\Own\sufsalInternational\wp-content\themes\storepress\inc\wptt-webfont-loader.php(210): WPTT_WebFont_Loader->write_stylesheet()
#85 C:\wamp64\www\Own\sufsalInternational\wp-content\themes\storepress\inc\wptt-webfont-loader.php(464): WPTT_WebFont_Loader->get_styles()
#86 C:\wamp64\www\Own\sufsalInternational\wp-content\themes\storepress\inc\wptt-webfont-loader.php(210): WPTT_WebFont_Loader->write_stylesheet()
#87 C:\wamp64\www\Own\sufsalInternational\wp-content\themes\storepress\inc\wptt-webfont-loader.php(464): WPTT_WebFont_Loader->get_styles()
#88 C:\wamp64\www\Own\sufsalInternational\wp-content\themes\storepress\inc\wptt-webfont-loader.php(210): WPTT_WebFont_Loader->write_stylesheet()
#89 C:\wamp64\www\Own\sufsalInternational\wp-content\themes\storepress\inc\wptt-webfont-loader.php(464): WPTT_WebFont_Loader->get_styles()
#90 C:\wamp64\www\Own\sufsalInternational\wp-content\themes\storepress\inc\wptt-webfont-loader.php(210): WPTT_WebFont_Loader->write_stylesheet()
#91 C:\wamp64\www\Own\sufsalInternational\wp-content\themes\storepress\inc\wptt-webfont-loader.php(464): WPTT_WebFont_Loader->get_styles()
#92 C:\wamp64\www\Own\sufsalInternational\wp-content\themes\storepress\inc\wptt-webfont-loader.php(210): WPTT_WebFont_Loader->write_stylesheet()
#93 C:\wamp64\www\Own\sufsalInternational\wp-content\themes\storepress\inc\wptt-webfont-loader.php(464): WPTT_WebFont_Loader->get_styles()
#94 C:\wamp64\www\Own\sufsalInternational\wp-content\themes\storepress\inc\wptt-webfont-loader.php(210): WPTT_WebFont_Loader->write_stylesheet()
#95 C:\wamp64\www\Own\sufsalInternational\wp-content\themes\storepress\inc\wptt-webfont-loader.php(464): WPTT_WebFont_Loader->get_styles()
#96 C:\wamp64\www\Own\sufsalInternational\wp-content\themes\storepress\inc\wptt-webfont-loader.php(210): WPTT_WebFont_Loader->write_stylesheet()
#97 C:\wamp64\www\Own\sufsalInternational\wp-content\themes\storepress\inc\wptt-webfont-loader.php(464): WPTT_WebFont_Loader->get_styles()
#98 C:\wamp64\www\Own\sufsalInternational\wp-content\themes\storepress\inc\wptt-webfont-loader.php(210): WPTT_WebFont_Loader->write_stylesheet()
#99 C:\wamp64\www\Own\sufsalInternational\wp-content\themes\storepress\inc\wptt-webfont-loader.php(464): WPTT_WebFont_Loader->get_styles()
#100 C:\wamp64\www\Own\sufsalInternational\wp-content\themes\storepress\inc\wptt-webfont-loader.php(210): WPTT_WebFont_Loader->write_stylesheet()
#101 C:\wamp64\www\Own\sufsalInternational\wp-content\themes\storepress\inc\wptt-webfont-loader.php(464): WPTT_WebFont_Loader->get_styles()
#102 C:\wamp64\www\Own\sufsalInternational\wp-content\themes\storepress\inc\wptt-webfont-loader.php(210): WPTT_WebFont_Loader->write_stylesheet()
#103 C:\wamp64\www\Own\sufsalInternational\wp-content\themes\storepress\inc\wptt-webfont-loader.php(464): WPTT_WebFont_Loader->get_styles()
#104 C:\wamp64\www\Own\sufsalInternational\wp-content\themes\storepress\inc\wptt-webfont-loader.php(210): WPTT_WebFont_Loader->write_stylesheet()
#105 C:\wamp64\www\Own\sufsalInternational\wp-content\themes\storepress\inc\wptt-webfont-loader.php(464): WPTT_WebFont_Loader->get_styles()
#106 C:\wamp64\www\Own\sufsalInternational\wp-content\themes\storepress\inc\wptt-webfont-loader.php(210): WPTT_WebFont_Loader->write_stylesheet()
#107 C:\wamp64\www\Own\sufsalInternational\wp-content\themes\storepress\inc\wptt-webfont-loader.php(464): WPTT_WebFont_Loader->get_styles()
#108 C:\wamp64\www\Own\sufsalInternational\wp-content\themes\storepress\inc\wptt-webfont-loader.php(210): WPTT_WebFont_Loader->write_stylesheet()
#109 C:\wamp64\www\Own\sufsalInternational\wp-content\themes\storepress\inc\wptt-webfont-loader.php(464): WPTT_WebFont_Loader->get_styles()
#110 C:\wamp64\www\Own\sufsalInternational\wp-content\themes\storepress\inc\wptt-webfont-loader.php(210): WPTT_WebFont_Loader->write_stylesheet()
#111 C:\wamp64\www\Own\sufsalInternational\wp-content\themes\storepress\inc\wptt-webfont-loader.php(464): WPTT_WebFont_Loader->get_styles()
#112 C:\wamp64\www\Own\sufsalInternational\wp-content\themes\storepress\inc\wptt-webfont-loader.php(210): WPTT_WebFont_Loader->write_stylesheet()
#113 C:\wamp64\www\Own\sufsalInternational\wp-content\themes\storepress\inc\wptt-webfont-loader.php(464): WPTT_WebFont_Loader->get_styles()
#114 C:\wamp64\www\Own\sufsalInternational\wp-content\themes\storepress\inc\wptt-webfont-loader.php(210): WPTT_WebFont_Loader->write_stylesheet()
#115 C:\wamp64\www\Own\sufsalInternational\wp-content\themes\storepress\inc\wptt-webfont-loader.php(464): WPTT_WebFont_Loader->get_styles()
#116 C:\wamp64\www\Own\sufsalInternational\wp-content\themes\storepress\inc\wptt-webfont-loader.php(210): WPTT_WebFont_Loader->write_stylesheet()
#117 C:\wamp64\www\Own\sufsalInternational\wp-content\themes\storepress\inc\wptt-webfont-loader.php(464): WPTT_WebFont_Loader->get_styles()
#118 C:\wamp64\www\Own\sufsalInternational\wp-content\themes\storepress\inc\wptt-webfont-loader.php(210): WPTT_WebFont_Loader->write_stylesheet()
#119 C:\wamp64\www\Own\sufsalInternational\wp-content\themes\storepress\inc\wptt-webfont-loader.php(464): WPTT_WebFont_Loader->get_styles()
#120 C:\wamp64\www\Own\sufsalInternational\wp-content\themes\storepress\inc\wptt-webfont-loader.php(210): WPTT_WebFont_Loader->write_stylesheet()
#121 C:\wamp64\www\Own\sufsalInternational\wp-content\themes\storepress\inc\wptt-webfont-loader.php(464): WPTT_WebFont_Loader->get_styles()
#122 C:\wamp64\www\Own\sufsalInternational\wp-content\themes\storepress\inc\wptt-webfont-loader.php(210): WPTT_WebFont_Loader->write_stylesheet()
#123 C:\wamp64\www\Own\sufsalInternational\wp-content\themes\storepress\inc\wptt-webfont-loader.php(464): WPTT_WebFont_Loader->get_styles()
#124 C:\wamp64\www\Own\sufsalInternational\wp-content\themes\storepress\inc\wptt-webfont-loader.php(210): WPTT_WebFont_Loader->write_stylesheet()
#125 C:\wamp64\www\Own\sufsalInternational\wp-content\themes\storepress\inc\wptt-webfont-loader.php(464): WPTT_WebFont_Loader->get_styles()
#126 C:\wamp64\www\Own\sufsalInternational\wp-content\themes\storepress\inc\wptt-webfont-loader.php(210): WPTT_WebFont_Loader->write_stylesheet()
#127 C:\wamp64\www\Own\sufsalInternational\wp-content\themes\storepress\inc\wptt-webfont-loader.php(464): WPTT_WebFont_Loader->get_styles()
#128 C:\wamp64\www\Own\sufsalInternational\wp-content\themes\storepress\inc\wptt-webfont-loader.php(210): WPTT_WebFont_Loader->write_stylesheet()
#129 C:\wamp64\www\Own\sufsalInternational\wp-content\themes\storepress\inc\wptt-webfont-loader.php(464): WPTT_WebFont_Loader->get_styles()
#130 C:\wamp64\www\Own\sufsalInternational\wp-content\themes\storepress\inc\wptt-webfont-loader.php(210): WPTT_WebFont_Loader->write_stylesheet()
#131 C:\wamp64\www\Own\sufsalInternational\wp-content\themes\storepress\inc\wptt-webfont-loader.php(464): WPTT_WebFont_Loader->get_styles()
#132 C:\wamp64\www\Own\sufsalInternational\wp-content\themes\storepress\inc\wptt-webfont-loader.php(210): WPTT_WebFont_Loader->write_stylesheet()
#133 C:\wamp64\www\Own\sufsalInternational\wp-content\themes\storepress\inc\wptt-webfont-loader.php(464): WPTT_WebFont_Loader->get_styles()
#134 C:\wamp64\www\Own\sufsalInternational\wp-content\themes\storepress\inc\wptt-webfont-loader.php(210): WPTT_WebFont_Loader->write_stylesheet()
#135 C:\wamp64\www\Own\sufsalInternational\wp-content\themes\storepress\inc\wptt-webfont-loader.php(464): WPTT_WebFont_Loader->get_styles()
#136 C:\wamp64\www\Own\sufsalInternational\wp-content\themes\storepress\inc\wptt-webfont-loader.php(210): WPTT_WebFont_Loader->write_stylesheet()
#137 C:\wamp64\www\Own\sufsalInternational\wp-content\themes\storepress\inc\wptt-webfont-loader.php(464): WPTT_WebFont_Loader->get_styles()
#138 C:\wamp64\www\Own\sufsalInternational\wp-content\themes\storepress\inc\wptt-webfont-loader.php(210): WPTT_WebFont_Loader->write_stylesheet()
#139 C:\wamp64\www\Own\sufsalInternational\wp-content\themes\storepress\inc\wptt-webfont-loader.php(464): WPTT_WebFont_Loader->get_styles()
#140 C:\wamp64\www\Own\sufsalInternational\wp-content\themes\storepress\inc\wptt-webfont-loader.php(210): WPTT_WebFont_Loader->write_stylesheet()
#141 C:\wamp64\www\Own\sufsalInternational\wp-content\themes\storepress\inc\wptt-webfont-loader.php(464): WPTT_WebFont_Loader->get_styles()
#142 C:\wamp64\www\Own\sufsalInternational\wp-content\themes\storepress\inc\wptt-webfont-loader.php(210): WPTT_WebFont_Loader->write_stylesheet()
#143 C:\wamp64\www\Own\sufsalInternational\wp-content\themes\storepress\inc\wptt-webfont-loader.php(464): WPTT_WebFont_Loader->get_styles()
#144 C:\wamp64\www\Own\sufsalInternational\wp-content\themes\storepress\inc\wptt-webfont-loader.php(210): WPTT_WebFont_Loader->write_stylesheet()
#145 C:\wamp64\www\Own\sufsalInternational\wp-content\themes\storepress\inc\wptt-webfont-loader.php(464): WPTT_WebFont_Loader->get_styles()
#146 C:\wamp64\www\Own\sufsalInternational\wp-content\themes\storepress\inc\wptt-webfont-loader.php(210): WPTT_WebFont_Loader->write_stylesheet()
#147 C:\wamp64\www\Own\sufsalInternational\wp-content\themes\storepress\inc\wptt-webfont-loader.php(464): WPTT_WebFont_Loader->get_styles()
#148 C:\wamp64\www\Own\sufsalInternational\wp-content\themes\storepress\inc\wptt-webfont-loader.php(210): WPTT_WebFont_Loader->write_stylesheet()
#149 C:\wamp64\www\Own\sufsalInternational\wp-content\themes\storepress\inc\wptt-webfont-loader.php(464): WPTT_WebFont_Loader->get_styles()
#150 C:\wamp64\www\Own\sufsalInternational\wp-content\themes\storepress\inc\wptt-webfont-loader.php(210): WPTT_WebFont_Loader->write_stylesheet()
#151 C:\wamp64\www\Own\sufsalInternational\wp-content\themes\storepress\inc\wptt-webfont-loader.php(464): WPTT_WebFont_Loader->get_styles()
#152 C:\wamp64\www\Own\sufsalInternational\wp-content\themes\storepress\inc\wptt-webfont-loader.php(210): WPTT_WebFont_Loader->write_stylesheet()
#153 C:\wamp64\www\Own\sufsalInternational\wp-content\themes\storepress\inc\wptt-webfont-loader.php(464): WPTT_WebFont_Loader->get_styles()
#154 C:\wamp64\www\Own\sufsalInternational\wp-content\themes\storepress\inc\wptt-webfont-loader.php(210): WPTT_WebFont_Loader->write_stylesheet()
#155 C:\wamp64\www\Own\sufsalInternational\wp-content\themes\storepress\inc\wptt-webfont-loader.php(464): WPTT_WebFont_Loader->get_styles()
#156 C:\wamp64\www\Own\sufsalInternational\wp-content\themes\storepress\inc\wptt-webfont-loader.php(210): WPTT_WebFont_Loader->write_stylesheet()
#157 C:\wamp64\www\Own\sufsalInternational\wp-content\themes\storepress\inc\wptt-webfont-loader.php(464): WPTT_WebFont_Loader->get_styles()
#158 C:\wamp64\www\Own\sufsalInternational\wp-content\themes\storepress\inc\wptt-webfont-loader.php(210): WPTT_WebFont_Loader->write_stylesheet()
#159 C:\wamp64\www\Own\sufsalInternational\wp-content\themes\storepress\inc\wptt-webfont-loader.php(464): WPTT_WebFont_Loader->get_styles()
#160 C:\wamp64\www\Own\sufsalInternational\wp-content\themes\storepress\inc\wptt-webfont-loader.php(210): WPTT_WebFont_Loader->write_stylesheet()
#161 C:\wamp64\www\Own\sufsalInternational\wp-content\themes\storepress\inc\wptt-webfont-loader.php(464): WPTT_WebFont_Loader->get_styles()
#162 C:\wamp64\www\Own\sufsalInternational\wp-content\themes\storepress\inc\wptt-webfont-loader.php(210): WPTT_WebFont_Loader->write_stylesheet()
#163 C:\wamp64\www\Own\sufsalInternational\wp-content\themes\storepress\inc\wptt-webfont-loader.php(464): WPTT_WebFont_Loader->get_styles()
#164 C:\wamp64\www\Own\sufsalInternational\wp-content\themes\storepress\inc\wptt-webfont-loader.php(210): WPTT_WebFont_Loader->write_stylesheet()
#165 C:\wamp64\www\Own\sufsalInternational\wp-content\themes\storepress\inc\wptt-webfont-loader.php(464): WPTT_WebFont_Loader->get_styles()
#166 C:\wamp64\www\Own\sufsalInternational\wp-content\themes\storepress\inc\wptt-webfont-loader.php(210): WPTT_WebFont_Loader->write_stylesheet()
#167 C:\wamp64\www\Own\sufsalInternational\wp-content\themes\storepress\inc\wptt-webfont-loader.php(464): WPTT_WebFont_Loader->get_styles()
#168 C:\wamp64\www\Own\sufsalInternational\wp-content\themes\storepress\inc\wptt-webfont-loader.php(210): WPTT_WebFont_Loader->write_stylesheet()
#169 C:\wamp64\www\Own\sufsalInternational\wp-content\themes\storepress\inc\wptt-webfont-loader.php(464): WPTT_WebFont_Loader->get_styles()
#170 C:\wamp64\www\Own\sufsalInternational\wp-content\themes\storepress\inc\wptt-webfont-loader.php(210): WPTT_WebFont_Loader->write_stylesheet()
#171 C:\wamp64\www\Own\sufsalInternational\wp-content\themes\storepress\inc\wptt-webfont-loader.php(464): WPTT_WebFont_Loader->get_styles()
#172 C:\wamp64\www\Own\sufsalInternational\wp-content\themes\storepress\inc\wptt-webfont-loader.php(210): WPTT_WebFont_Loader->write_stylesheet()
#173 C:\wamp64\www\Own\sufsalInternational\wp-content\themes\storepress\inc\wptt-webfont-loader.php(464): WPTT_WebFont_Loader->get_styles()
#174 C:\wamp64\www\Own\sufsalInternational\wp-content\themes\storepress\inc\wptt-webfont-loader.php(210): WPTT_WebFont_Loader->write_stylesheet()
#175 C:\wamp64\www\Own\sufsalInternational\wp-content\themes\storepress\inc\wptt-webfont-loader.php(464): WPTT_WebFont_Loader->get_styles()
#176 C:\wamp64\www\Own\sufsalInternational\wp-content\themes\storepress\inc\wptt-webfont-loader.php(210): WPTT_WebFont_Loader->write_stylesheet()
#177 C:\wamp64\www\Own\sufsalInternational\wp-content\themes\storepress\inc\wptt-webfont-loader.php(464): WPTT_WebFont_Loader->get_styles()
#178 C:\wamp64\www\Own\sufsalInternational\wp-content\themes\storepress\inc\wptt-webfont-loader.php(210): WPTT_WebFont_Loader->write_stylesheet()
#179 C:\wamp64\www\Own\sufsalInternational\wp-content\themes\storepress\inc\wptt-webfont-loader.php(464): WPTT_WebFont_Loader->get_styles()
#180 C:\wamp64\www\Own\sufsalInternational\wp-content\themes\storepress\inc\wptt-webfont-loader.php(210): WPTT_WebFont_Loader->write_stylesheet()
#181 C:\wamp64\www\Own\sufsalInternational\wp-content\themes\storepress\inc\wptt-webfont-loader.php(464): WPTT_WebFont_Loader->get_styles()
#182 C:\wamp64\www\Own\sufsalInternational\wp-content\themes\storepress\inc\wptt-webfont-loader.php(210): WPTT_WebFont_Loader->write_stylesheet()
#183 C:\wamp64\www\Own\sufsalInternational\wp-content\themes\storepress\inc\wptt-webfont-loader.php(464): WPTT_WebFont_Loader->get_styles()
#184 C:\wamp64\www\Own\sufsalInternational\wp-content\themes\storepress\inc\wptt-webfont-loader.php(210): WPTT_WebFont_Loader->write_stylesheet()
#185 C:\wamp64\www\Own\sufsalInternational\wp-content\themes\storepress\inc\wptt-webfont-loader.php(464): WPTT_WebFont_Loader->get_styles()
#186 C:\wamp64\www\Own\sufsalInternational\wp-content\themes\storepress\inc\wptt-webfont-loader.php(210): WPTT_WebFont_Loader->write_stylesheet()
#187 C:\wamp64\www\Own\sufsalInternational\wp-content\themes\storepress\inc\wptt-webfont-loader.php(464): WPTT_WebFont_Loader->get_styles()
#188 C:\wamp64\www\Own\sufsalInternational\wp-content\themes\storepress\inc\wptt-webfont-loader.php(210): WPTT_WebFont_Loader->write_stylesheet()
#189 C:\wamp64\www\Own\sufsalInternational\wp-content\themes\storepress\inc\wptt-webfont-loader.php(464): WPTT_WebFont_Loader->get_styles()
#190 C:\wamp64\www\Own\sufsalInternational\wp-content\themes\storepress\inc\wptt-webfont-loader.php(210): WPTT_WebFont_Loader->write_stylesheet()
#191 C:\wamp64\www\Own\sufsalInternational\wp-content\themes\storepress\inc\wptt-webfont-loader.php(464): WPTT_WebFont_Loader->get_styles()
#192 C:\wamp64\www\Own\sufsalInternational\wp-content\themes\storepress\inc\wptt-webfont-loader.php(210): WPTT_WebFont_Loader->write_stylesheet()
#193 C:\wamp64\www\Own\sufsalInternational\wp-content\themes\storepress\inc\wptt-webfont-loader.php(464): WPTT_WebFont_Loader->get_styles()
#194 C:\wamp64\www\Own\sufsalInternational\wp-content\themes\storepress\inc\wptt-webfont-loader.php(210): WPTT_WebFont_Loader->write_stylesheet()
#195 C:\wamp64\www\Own\sufsalInternational\wp-content\themes\storepress\inc\wptt-webfont-loader.php(464): WPTT_WebFont_Loader->get_styles()
#196 C:\wamp64\www\Own\sufsalInternational\wp-content\themes\storepress\inc\wptt-webfont-loader.php(210): WPTT_WebFont_Loader->write_stylesheet()
#197 C:\wamp64\www\Own\sufsalInternational\wp-content\themes\storepress\inc\wptt-webfont-loader.php(464): WPTT_WebFont_Loader->get_styles()
#198 C:\wamp64\www\Own\sufsalInternational\wp-content\themes\storepress\inc\wptt-webfont-loader.php(210): WPTT_WebFont_Loader->write_stylesheet()
#199 C:\wamp64\www\Own\sufsalInternational\wp-content\themes\storepress\inc\wptt-webfont-loader.php(464): WPTT_WebFont_Loader->get_styles()
#200 C:\wamp64\www\Own\sufsalInternational\wp-content\themes\storepress\inc\wptt-webfont-loader.php(210): WPTT_WebFont_Loader->write_stylesheet()
#201 C:\wamp64\www\Own\sufsalInternational\wp-content\themes\storepress\inc\wptt-webfont-loader.php(464): WPTT_WebFont_Loader->get_styles()
#202 C:\wamp64\www\Own\sufsalInternational\wp-content\themes\storepress\inc\wptt-webfont-loader.php(210): WPTT_WebFont_Loader->write_stylesheet()
#203 C:\wamp64\www\Own\sufsalInternational\wp-content\themes\storepress\inc\wptt-webfont-loader.php(464): WPTT_WebFont_Loader->get_styles()
#204 C:\wamp64\www\Own\sufsalInternational\wp-content\themes\storepress\inc\wptt-webfont-loader.php(210): WPTT_WebFont_Loader->write_stylesheet()
#205 C:\wamp64\www\Own\sufsalInternational\wp-content\themes\storepress\inc\wptt-webfont-loader.php(464): WPTT_WebFont_Loader->get_styles()
#206 C:\wamp64\www\Own\sufsalInternational\wp-content\themes\storepress\inc\wptt-webfont-loader.php(210): WPTT_WebFont_Loader->write_stylesheet()
#207 C:\wamp64\www\Own\sufsalInternational\wp-content\themes\storepress\inc\wptt-webfont-loader.php(464): WPTT_WebFont_Loader->get_styles()
#208 C:\wamp64\www\Own\sufsalInternational\wp-content\themes\storepress\inc\wptt-webfont-loader.php(210): WPTT_WebFont_Loader->write_stylesheet()
#209 C:\wamp64\www\Own\sufsalInternational\wp-content\themes\storepress\inc\wptt-webfont-loader.php(464): WPTT_WebFont_Loader->get_styles()
#210 C:\wamp64\www\Own\sufsalInternational\wp-content\themes\storepress\inc\wptt-webfont-loader.php(210): WPTT_WebFont_Loader->write_stylesheet()
#211 C:\wamp64\www\Own\sufsalInternational\wp-content\themes\storepress\inc\wptt-webfont-loader.php(464): WPTT_WebFont_Loader->get_styles()
#212 C:\wamp64\www\Own\sufsalInternational\wp-content\themes\storepress\inc\wptt-webfont-loader.php(210): WPTT_WebFont_Loader->write_stylesheet()
#213 C:\wamp64\www\Own\sufsalInternational\wp-content\themes\storepress\inc\wptt-webfont-loader.php(464): WPTT_WebFont_Loader->get_styles()
#214 C:\wamp64\www\Own\sufsalInternational\wp-content\themes\storepress\inc\wptt-webfont-loader.php(210): WPTT_WebFont_Loader->write_stylesheet()
#215 C:\wamp64\www\Own\sufsalInternational\wp-content\themes\storepress\inc\wptt-webfont-loader.php(464): WPTT_WebFont_Loader->get_styles()
#216 C:\wamp64\www\Own\sufsalInternational\wp-content\themes\storepress\inc\wptt-webfont-loader.php(210): WPTT_WebFont_Loader->write_stylesheet()
#217 C:\wamp64\www\Own\sufsalInternational\wp-content\themes\storepress\inc\wptt-webfont-loader.php(464): WPTT_WebFont_Loader->get_styles()
#218 C:\wamp64\www\Own\sufsalInternational\wp-content\themes\storepress\inc\wptt-webfont-loader.php(210): WPTT_WebFont_Loader->write_stylesheet()
#219 C:\wamp64\www\Own\sufsalInternational\wp-content\themes\storepress\inc\wptt-webfont-loader.php(464): WPTT_WebFont_Loader->get_styles()
#220 C:\wamp64\www\Own\sufsalInternational\wp-content\themes\storepress\inc\wptt-webfont-loader.php(210): WPTT_WebFont_Loader->write_stylesheet()
#221 C:\wamp64\www\Own\sufsalInternational\wp-content\themes\storepress\inc\wptt-webfont-loader.php(464): WPTT_WebFont_Loader->get_styles()
#222 C:\wamp64\www\Own\sufsalInternational\wp-content\themes\storepress\inc\wptt-webfont-loader.php(210): WPTT_WebFont_Loader->write_stylesheet()
#223 C:\wamp64\www\Own\sufsalInternational\wp-content\themes\storepress\inc\wptt-webfont-loader.php(464): WPTT_WebFont_Loader->get_styles()
#224 C:\wamp64\www\Own\sufsalInternational\wp-content\themes\storepress\inc\wptt-webfont-loader.php(210): WPTT_WebFont_Loader->write_stylesheet()
#225 C:\wamp64\www\Own\sufsalInternational\wp-content\themes\storepress\inc\wptt-webfont-loader.php(464): WPTT_WebFont_Loader->get_styles()
#226 C:\wamp64\www\Own\sufsalInternational\wp-content\themes\storepress\inc\wptt-webfont-loader.php(210): WPTT_WebFont_Loader->write_stylesheet()
#227 C:\wamp64\www\Own\sufsalInternational\wp-content\themes\storepress\inc\wptt-webfont-loader.php(464): WPTT_WebFont_Loader->get_styles()
#228 C:\wamp64\www\Own\sufsalInternational\wp-content\themes\storepress\inc\wptt-webfont-loader.php(210): WPTT_WebFont_Loader->write_stylesheet()
#229 C:\wamp64\www\Own\sufsalInternational\wp-content\themes\storepress\inc\wptt-webfont-loader.php(464): WPTT_WebFont_Loader->get_styles()
#230 C:\wamp64\www\Own\sufsalInternational\wp-content\themes\storepress\inc\wptt-webfont-loader.php(210): WPTT_WebFont_Loader->write_stylesheet()
#231 C:\wamp64\www\Own\sufsalInternational\wp-content\themes\storepress\inc\wptt-webfont-loader.php(464): WPTT_WebFont_Loader->get_styles()
#232 C:\wamp64\www\Own\sufsalInternational\wp-content\themes\storepress\inc\wptt-webfont-loader.php(210): WPTT_WebFont_Loader->write_stylesheet()
#233 C:\wamp64\www\Own\sufsalInternational\wp-content\themes\storepress\inc\wptt-webfont-loader.php(464): WPTT_WebFont_Loader->get_styles()
#234 C:\wamp64\www\Own\sufsalInternational\wp-content\themes\storepress\inc\wptt-webfont-loader.php(210): WPTT_WebFont_Loader->write_stylesheet()
#235 C:\wamp64\www\Own\sufsalInternational\wp-content\themes\storepress\inc\wptt-webfont-loader.php(464): WPTT_WebFont_Loader->get_styles()
#236 C:\wamp64\www\Own\sufsalInternational\wp-content\themes\storepress\inc\wptt-webfont-loader.php(210): WPTT_WebFont_Loader->write_stylesheet()
#237 C:\wamp64\www\Own\sufsalInternational\wp-content\themes\storepress\inc\wptt-webfont-loader.php(464): WPTT_WebFont_Loader->get_styles()
#238 C:\wamp64\www\Own\sufsalInternational\wp-content\themes\storepress\inc\wptt-webfont-loader.php(210): WPTT_WebFont_Loader->write_stylesheet()
#239 C:\wamp64\www\Own\sufsalInternational\wp-content\themes\storepress\inc\wptt-webfont-loader.php(464): WPTT_WebFont_Loader->get_styles()
#240 C:\wamp64\www\Own\sufsalInternational\wp-content\themes\storepress\inc\wptt-webfont-loader.php(210): WPTT_WebFont_Loader->write_stylesheet()
#241 C:\wamp64\www\Own\sufsalInternational\wp-content\themes\storepress\inc\wptt-webfont-loader.php(464): WPTT_WebFont_Loader->get_styles()
#242 C:\wamp64\www\Own\sufsalInternational\wp-content\themes\storepress\inc\wptt-webfont-loader.php(210): WPTT_WebFont_Loader->write_stylesheet()
#243 C:\wamp64\www\Own\sufsalInternational\wp-content\themes\storepress\inc\wptt-webfont-loader.php(464): WPTT_WebFont_Loader->get_styles()
#244 C:\wamp64\www\Own\sufsalInternational\wp-content\themes\storepress\inc\wptt-webfont-loader.php(145): WPTT_WebFont_Loader->write_stylesheet()
#245 C:\wamp64\www\Own\sufsalInternational\wp-content\themes\storepress\inc\wptt-webfont-loader.php(695): WPTT_WebFont_Loader->get_url()
#246 C:\wamp64\www\Own\sufsalInternational\wp-content\themes\storepress\inc\template-tags.php(195): wptt_get_webfont_url('htpp://onts.goo...')
#247 C:\wamp64\www\Own\sufsalInternational\wp-content\themes\storepress\functions.php(68): storepress_google_font()
#248 C:\wamp64\www\Own\sufsalInternational\wp-includes\class-wp-hook.php(308): storepress_setup('')
#249 C:\wamp64\www\Own\sufsalInternational\wp-includes\class-wp-hook.php(332): WP_Hook->apply_filters(NULL, Array)
#250 C:\wamp64\www\Own\sufsalInternational\wp-includes\plugin.php(517): WP_Hook->do_action(Array)
#251 C:\wamp64\www\Own\sufsalInternational\wp-settings.php(595): do_action('after_setup_the...')
#252 C:\wamp64\www\Own\sufsalInternational\wp-config.php(109): require_once('C:\\wamp64\\www\\O...')
#253 C:\wamp64\www\Own\sufsalInternational\wp-load.php(50): require_once('C:\\wamp64\\www\\O...')
#254 C:\wamp64\www\Own\sufsalInternational\wp-blog-header.php(13): require_once('C:\\wamp64\\www\\O...')
#255 C:\wamp64\www\Own\sufsalInternational\index.php(17): require('C:\\wamp64\\www\\O...')
#256 {main}
  thrown in C:\wamp64\www\Own\sufsalInternational\wp-content\plugins\w3-total-cache\ObjectCache_WpObjectCache_Regular.php on line 675

2024-05-16T16:03:09+00:00 CRITICAL Uncaught TypeError: call_user_func_array(): Argument #1 ($callback) must be a valid callback, function "wp_schedule_htpp_detection" not found or invalid function name in C:\wamp64\www\Own\sufsalInternational\wp-includes\class-wp-hook.php:308
Stack trace:
#0 C:\wamp64\www\Own\sufsalInternational\wp-includes\class-wp-hook.php(332): WP_Hook->apply_filters(NULL, Array)
#1 C:\wamp64\www\Own\sufsalInternational\wp-includes\plugin.php(517): WP_Hook->do_action(Array)
#2 C:\wamp64\www\Own\sufsalInternational\wp-settings.php(617): do_action('init')
#3 C:\wamp64\www\Own\sufsalInternational\wp-config.php(109): require_once('C:\\wamp64\\www\\O...')
#4 C:\wamp64\www\Own\sufsalInternational\wp-load.php(50): require_once('C:\\wamp64\\www\\O...')
#5 C:\wamp64\www\Own\sufsalInternational\wp-blog-header.php(13): require_once('C:\\wamp64\\www\\O...')
#6 C:\wamp64\www\Own\sufsalInternational\index.php(17): require('C:\\wamp64\\www\\O...')
#7 {main}
  thrown in C:\wamp64\www\Own\sufsalInternational\wp-includes\class-wp-hook.php on line 308

2024-05-16T16:21:32+00:00 CRITICAL syntax error, unexpected ')' in C:\wamp64\www\Own\sufsalInternational\wp-content\plugins\woocommerce\includes\wccom-site\rest-api\endpoints\class-wc-rest-wccom-site-ssr-controller.php on line 53

2024-05-16T16:21:32+00:00 CRITICAL syntax error, unexpected ')' in C:\wamp64\www\Own\sufsalInternational\wp-content\plugins\woocommerce\includes\wccom-site\rest-api\endpoints\class-wc-rest-wccom-site-ssr-controller.php on line 53

2024-05-16T16:21:35+00:00 CRITICAL syntax error, unexpected ')' in C:\wamp64\www\Own\sufsalInternational\wp-content\plugins\woocommerce\includes\wccom-site\rest-api\endpoints\class-wc-rest-wccom-site-ssr-controller.php on line 53

2024-05-16T16:22:37+00:00 CRITICAL syntax error, unexpected ')' in C:\wamp64\www\Own\sufsalInternational\wp-content\plugins\woocommerce\includes\wccom-site\rest-api\endpoints\class-wc-rest-wccom-site-ssr-controller.php on line 53

2024-05-16T16:22:37+00:00 CRITICAL syntax error, unexpected ')' in C:\wamp64\www\Own\sufsalInternational\wp-content\plugins\woocommerce\includes\wccom-site\rest-api\endpoints\class-wc-rest-wccom-site-ssr-controller.php on line 53

2024-05-16T16:22:44+00:00 CRITICAL syntax error, unexpected ')' in C:\wamp64\www\Own\sufsalInternational\wp-content\plugins\woocommerce\includes\wccom-site\rest-api\endpoints\class-wc-rest-wccom-site-ssr-controller.php on line 53

2024-05-16T16:22:56+00:00 CRITICAL Uncaught Error: Call to undefined function wp_update_https_detection_errors() in C:\wamp64\www\Own\sufsalInternational\wp-admin\includes\class-wp-site-health.php:1557
Stack trace:
#0 C:\wamp64\www\Own\sufsalInternational\wp-admin\includes\class-wp-site-health.php(194): WP_Site_Health->get_test_https_status()
#1 C:\wamp64\www\Own\sufsalInternational\wp-admin\includes\class-wp-site-health.php(3054): WP_Site_Health->perform_test(Array)
#2 C:\wamp64\www\Own\sufsalInternational\wp-includes\class-wp-hook.php(308): WP_Site_Health->wp_cron_scheduled_check()
#3 C:\wamp64\www\Own\sufsalInternational\wp-includes\class-wp-hook.php(332): WP_Hook->apply_filters('', Array)
#4 C:\wamp64\www\Own\sufsalInternational\wp-includes\plugin.php(565): WP_Hook->do_action(Array)
#5 C:\wamp64\www\Own\sufsalInternational\wp-cron.php(188): do_action_ref_array('wp_site_health_...', Array)
#6 {main}
  thrown in C:\wamp64\www\Own\sufsalInternational\wp-admin\includes\class-wp-site-health.php on line 1557

2024-05-16T16:23:05+00:00 CRITICAL syntax error, unexpected ')' in C:\wamp64\www\Own\sufsalInternational\wp-content\plugins\woocommerce\includes\wccom-site\rest-api\endpoints\class-wc-rest-wccom-site-ssr-controller.php on line 53

2024-05-16T16:23:05+00:00 CRITICAL syntax error, unexpected ')' in C:\wamp64\www\Own\sufsalInternational\wp-content\plugins\woocommerce\includes\wccom-site\rest-api\endpoints\class-wc-rest-wccom-site-ssr-controller.php on line 53

2024-05-16T16:23:09+00:00 CRITICAL syntax error, unexpected ')' in C:\wamp64\www\Own\sufsalInternational\wp-content\plugins\woocommerce\includes\wccom-site\rest-api\endpoints\class-wc-rest-wccom-site-ssr-controller.php on line 53

2024-05-16T16:23:29+00:00 CRITICAL syntax error, unexpected ')' in C:\wamp64\www\Own\sufsalInternational\wp-content\plugins\woocommerce\includes\wccom-site\rest-api\endpoints\class-wc-rest-wccom-site-ssr-controller.php on line 53

2024-05-16T16:23:32+00:00 CRITICAL syntax error, unexpected ')' in C:\wamp64\www\Own\sufsalInternational\wp-content\plugins\woocommerce\includes\wccom-site\rest-api\endpoints\class-wc-rest-wccom-site-ssr-controller.php on line 53

2024-05-16T16:23:52+00:00 CRITICAL syntax error, unexpected ')' in C:\wamp64\www\Own\sufsalInternational\wp-content\plugins\woocommerce\includes\wccom-site\rest-api\endpoints\class-wc-rest-wccom-site-ssr-controller.php on line 53

2024-05-16T16:23:56+00:00 CRITICAL syntax error, unexpected ')' in C:\wamp64\www\Own\sufsalInternational\wp-content\plugins\woocommerce\includes\wccom-site\rest-api\endpoints\class-wc-rest-wccom-site-ssr-controller.php on line 53

2024-05-16T16:24:14+00:00 CRITICAL syntax error, unexpected ')' in C:\wamp64\www\Own\sufsalInternational\wp-content\plugins\woocommerce\includes\wccom-site\rest-api\endpoints\class-wc-rest-wccom-site-ssr-controller.php on line 53

2024-05-16T16:24:17+00:00 CRITICAL syntax error, unexpected ')' in C:\wamp64\www\Own\sufsalInternational\wp-content\plugins\woocommerce\includes\wccom-site\rest-api\endpoints\class-wc-rest-wccom-site-ssr-controller.php on line 53

2024-05-16T16:25:36+00:00 CRITICAL syntax error, unexpected ')' in C:\wamp64\www\Own\sufsalInternational\wp-content\plugins\woocommerce\includes\wccom-site\rest-api\endpoints\class-wc-rest-wccom-site-ssr-controller.php on line 53

2024-05-16T16:25:39+00:00 CRITICAL syntax error, unexpected ')' in C:\wamp64\www\Own\sufsalInternational\wp-content\plugins\woocommerce\includes\wccom-site\rest-api\endpoints\class-wc-rest-wccom-site-ssr-controller.php on line 53

2024-05-16T16:27:27+00:00 CRITICAL syntax error, unexpected ')' in C:\wamp64\www\Own\sufsalInternational\wp-content\plugins\woocommerce\includes\wccom-site\rest-api\endpoints\class-wc-rest-wccom-site-ssr-controller.php on line 53

2024-05-16T16:27:30+00:00 CRITICAL syntax error, unexpected ')' in C:\wamp64\www\Own\sufsalInternational\wp-content\plugins\woocommerce\includes\wccom-site\rest-api\endpoints\class-wc-rest-wccom-site-ssr-controller.php on line 53

2024-05-16T16:33:17+00:00 CRITICAL syntax error, unexpected ')' in C:\wamp64\www\Own\sufsalInternational\wp-content\plugins\woocommerce\includes\wccom-site\rest-api\endpoints\class-wc-rest-wccom-site-ssr-controller.php on line 53

2024-05-16T16:33:20+00:00 CRITICAL syntax error, unexpected ')' in C:\wamp64\www\Own\sufsalInternational\wp-content\plugins\woocommerce\includes\wccom-site\rest-api\endpoints\class-wc-rest-wccom-site-ssr-controller.php on line 53

2024-05-16T17:42:13+00:00 CRITICAL Uncaught wfAPICallFailedException: There was an error connecting to the Wordfence scanning servers: Only HTTP(S) requests are handled. in C:\wamp64\www\Own\sufsalInternational\wp-content\plugins\wordfence\lib\wfAPI.php:131
Stack trace:
#0 C:\wamp64\www\Own\sufsalInternational\wp-content\plugins\wordfence\lib\wfAPI.php(30): wfAPI->getURL('htpp://noc1.wor...', Array, 900)
#1 C:\wamp64\www\Own\sufsalInternational\wp-content\plugins\wordfence\lib\wordfenceClass.php(4504): wfAPI->call('record_toupp', Array, Array)
#2 C:\wamp64\www\Own\sufsalInternational\wp-content\plugins\wordfence\lib\wordfenceClass.php(1551): wordfence::ajax_recordTOUPP_callback()
#3 C:\wamp64\www\Own\sufsalInternational\wp-includes\class-wp-hook.php(308): wordfence::ajaxReceiver('')
#4 C:\wamp64\www\Own\sufsalInternational\wp-includes\class-wp-hook.php(332): WP_Hook->apply_filters('', Array)
#5 C:\wamp64\www\Own\sufsalInternational\wp-includes\plugin.php(517): WP_Hook->do_action(Array)
#6 C:\wamp64\www\Own\sufsalInternational\wp-admin\admin-ajax.php(188): do_action('wp_ajax_wordfen...')
#7 {main}
  thrown in C:\wamp64\www\Own\sufsalInternational\wp-content\plugins\wordfence\lib\wfAPI.php on line 131

