2024-05-16T16:06:30+00:00 ERROR Error getting data feed
2024-05-16T16:06:30+00:00 ERROR WP_Error Object
(
    [errors] => Array
        (
            [http_request_failed] => Array
                (
                    [0] => Only HTTP(S) requests are handled.
                )

        )

    [error_data] => Array
        (
        )

    [additional_data:protected] => Array
        (
        )

)

2024-05-16T16:06:30+00:00 ERROR Error getting data feed
2024-05-16T16:06:30+00:00 ERROR WP_Error Object
(
    [errors] => Array
        (
            [http_request_failed] => Array
                (
                    [0] => Only HTTP(S) requests are handled.
                )

        )

    [error_data] => Array
        (
        )

    [additional_data:protected] => Array
        (
        )

)

2024-05-16T16:06:32+00:00 ERROR Error getting data feed
2024-05-16T16:06:32+00:00 ERROR WP_Error Object
(
    [errors] => Array
        (
            [http_request_failed] => Array
                (
                    [0] => Only HTTP(S) requests are handled.
                )

        )

    [error_data] => Array
        (
        )

    [additional_data:protected] => Array
        (
        )

)

2024-05-16T16:06:32+00:00 ERROR Error getting data feed
2024-05-16T16:06:32+00:00 ERROR WP_Error Object
(
    [errors] => Array
        (
            [http_request_failed] => Array
                (
                    [0] => Only HTTP(S) requests are handled.
                )

        )

    [error_data] => Array
        (
        )

    [additional_data:protected] => Array
        (
        )

)

2024-05-16T16:06:52+00:00 ERROR Error getting data feed
2024-05-16T16:06:52+00:00 ERROR WP_Error Object
(
    [errors] => Array
        (
            [http_request_failed] => Array
                (
                    [0] => Only HTTP(S) requests are handled.
                )

        )

    [error_data] => Array
        (
        )

    [additional_data:protected] => Array
        (
        )

)

2024-05-16T16:06:52+00:00 ERROR Error getting data feed
2024-05-16T16:06:52+00:00 ERROR WP_Error Object
(
    [errors] => Array
        (
            [http_request_failed] => Array
                (
                    [0] => Only HTTP(S) requests are handled.
                )

        )

    [error_data] => Array
        (
        )

    [additional_data:protected] => Array
        (
        )

)

2024-05-16T16:06:54+00:00 ERROR Error getting data feed
2024-05-16T16:06:54+00:00 ERROR WP_Error Object
(
    [errors] => Array
        (
            [http_request_failed] => Array
                (
                    [0] => Only HTTP(S) requests are handled.
                )

        )

    [error_data] => Array
        (
        )

    [additional_data:protected] => Array
        (
        )

)

2024-05-16T16:06:54+00:00 ERROR Error getting data feed
2024-05-16T16:06:54+00:00 ERROR WP_Error Object
(
    [errors] => Array
        (
            [http_request_failed] => Array
                (
                    [0] => Only HTTP(S) requests are handled.
                )

        )

    [error_data] => Array
        (
        )

    [additional_data:protected] => Array
        (
        )

)

2024-05-16T16:08:46+00:00 ERROR Error getting data feed
2024-05-16T16:08:46+00:00 ERROR WP_Error Object
(
    [errors] => Array
        (
            [http_request_failed] => Array
                (
                    [0] => Only HTTP(S) requests are handled.
                )

        )

    [error_data] => Array
        (
        )

    [additional_data:protected] => Array
        (
        )

)

2024-05-16T16:08:46+00:00 ERROR Error getting data feed
2024-05-16T16:08:46+00:00 ERROR WP_Error Object
(
    [errors] => Array
        (
            [http_request_failed] => Array
                (
                    [0] => Only HTTP(S) requests are handled.
                )

        )

    [error_data] => Array
        (
        )

    [additional_data:protected] => Array
        (
        )

)

2024-05-16T16:08:48+00:00 ERROR Error getting data feed
2024-05-16T16:08:48+00:00 ERROR WP_Error Object
(
    [errors] => Array
        (
            [http_request_failed] => Array
                (
                    [0] => Only HTTP(S) requests are handled.
                )

        )

    [error_data] => Array
        (
        )

    [additional_data:protected] => Array
        (
        )

)

2024-05-16T16:08:48+00:00 ERROR WP_Error Object
(
    [errors] => Array
        (
            [http_request_failed] => Array
                (
                    [0] => Only HTTP(S) requests are handled.
                )

        )

    [error_data] => Array
        (
        )

    [additional_data:protected] => Array
        (
        )

)

2024-05-16T16:21:32+00:00 ERROR Error getting data feed
2024-05-16T16:21:32+00:00 ERROR WP_Error Object
(
    [errors] => Array
        (
            [http_request_failed] => Array
                (
                    [0] => Only HTTP(S) requests are handled.
                )

        )

    [error_data] => Array
        (
        )

    [additional_data:protected] => Array
        (
        )

)

2024-05-16T16:21:32+00:00 ERROR Error getting data feed
2024-05-16T16:21:32+00:00 ERROR WP_Error Object
(
    [errors] => Array
        (
            [http_request_failed] => Array
                (
                    [0] => Only HTTP(S) requests are handled.
                )

        )

    [error_data] => Array
        (
        )

    [additional_data:protected] => Array
        (
        )

)

2024-05-16T16:21:35+00:00 ERROR Error getting data feed
2024-05-16T16:21:35+00:00 ERROR WP_Error Object
(
    [errors] => Array
        (
            [http_request_failed] => Array
                (
                    [0] => Only HTTP(S) requests are handled.
                )

        )

    [error_data] => Array
        (
        )

    [additional_data:protected] => Array
        (
        )

)

2024-05-16T16:22:36+00:00 ERROR Error getting data feed
2024-05-16T16:22:36+00:00 ERROR WP_Error Object
(
    [errors] => Array
        (
            [http_request_failed] => Array
                (
                    [0] => Only HTTP(S) requests are handled.
                )

        )

    [error_data] => Array
        (
        )

    [additional_data:protected] => Array
        (
        )

)

2024-05-16T16:22:37+00:00 ERROR Error getting data feed
2024-05-16T16:22:37+00:00 ERROR WP_Error Object
(
    [errors] => Array
        (
            [http_request_failed] => Array
                (
                    [0] => Only HTTP(S) requests are handled.
                )

        )

    [error_data] => Array
        (
        )

    [additional_data:protected] => Array
        (
        )

)

2024-05-16T16:22:44+00:00 ERROR Error getting data feed
2024-05-16T16:22:44+00:00 ERROR WP_Error Object
(
    [errors] => Array
        (
            [http_request_failed] => Array
                (
                    [0] => Only HTTP(S) requests are handled.
                )

        )

    [error_data] => Array
        (
        )

    [additional_data:protected] => Array
        (
        )

)

2024-05-16T16:23:04+00:00 ERROR Error getting data feed
2024-05-16T16:23:04+00:00 ERROR WP_Error Object
(
    [errors] => Array
        (
            [http_request_failed] => Array
                (
                    [0] => Only HTTP(S) requests are handled.
                )

        )

    [error_data] => Array
        (
        )

    [additional_data:protected] => Array
        (
        )

)

2024-05-16T16:23:05+00:00 ERROR Error getting data feed
2024-05-16T16:23:05+00:00 ERROR WP_Error Object
(
    [errors] => Array
        (
            [http_request_failed] => Array
                (
                    [0] => Only HTTP(S) requests are handled.
                )

        )

    [error_data] => Array
        (
        )

    [additional_data:protected] => Array
        (
        )

)

2024-05-16T16:23:08+00:00 ERROR Error getting data feed
2024-05-16T16:23:08+00:00 ERROR WP_Error Object
(
    [errors] => Array
        (
            [http_request_failed] => Array
                (
                    [0] => Only HTTP(S) requests are handled.
                )

        )

    [error_data] => Array
        (
        )

    [additional_data:protected] => Array
        (
        )

)

2024-05-16T16:23:28+00:00 ERROR Error getting data feed
2024-05-16T16:23:28+00:00 ERROR WP_Error Object
(
    [errors] => Array
        (
            [http_request_failed] => Array
                (
                    [0] => Only HTTP(S) requests are handled.
                )

        )

    [error_data] => Array
        (
        )

    [additional_data:protected] => Array
        (
        )

)

2024-05-16T16:23:32+00:00 ERROR Error getting data feed
2024-05-16T16:23:32+00:00 ERROR WP_Error Object
(
    [errors] => Array
        (
            [http_request_failed] => Array
                (
                    [0] => Only HTTP(S) requests are handled.
                )

        )

    [error_data] => Array
        (
        )

    [additional_data:protected] => Array
        (
        )

)

2024-05-16T16:23:52+00:00 ERROR Error getting data feed
2024-05-16T16:23:52+00:00 ERROR WP_Error Object
(
    [errors] => Array
        (
            [http_request_failed] => Array
                (
                    [0] => Only HTTP(S) requests are handled.
                )

        )

    [error_data] => Array
        (
        )

    [additional_data:protected] => Array
        (
        )

)

2024-05-16T16:23:56+00:00 ERROR Error getting data feed
2024-05-16T16:23:56+00:00 ERROR WP_Error Object
(
    [errors] => Array
        (
            [http_request_failed] => Array
                (
                    [0] => Only HTTP(S) requests are handled.
                )

        )

    [error_data] => Array
        (
        )

    [additional_data:protected] => Array
        (
        )

)

2024-05-16T16:24:14+00:00 ERROR Error getting data feed
2024-05-16T16:24:14+00:00 ERROR WP_Error Object
(
    [errors] => Array
        (
            [http_request_failed] => Array
                (
                    [0] => Only HTTP(S) requests are handled.
                )

        )

    [error_data] => Array
        (
        )

    [additional_data:protected] => Array
        (
        )

)

2024-05-16T16:24:17+00:00 ERROR Error getting data feed
2024-05-16T16:24:17+00:00 ERROR WP_Error Object
(
    [errors] => Array
        (
            [http_request_failed] => Array
                (
                    [0] => Only HTTP(S) requests are handled.
                )

        )

    [error_data] => Array
        (
        )

    [additional_data:protected] => Array
        (
        )

)

2024-05-16T16:25:36+00:00 ERROR Error getting data feed
2024-05-16T16:25:36+00:00 ERROR WP_Error Object
(
    [errors] => Array
        (
            [http_request_failed] => Array
                (
                    [0] => Only HTTP(S) requests are handled.
                )

        )

    [error_data] => Array
        (
        )

    [additional_data:protected] => Array
        (
        )

)

2024-05-16T16:25:39+00:00 ERROR Error getting data feed
2024-05-16T16:25:39+00:00 ERROR WP_Error Object
(
    [errors] => Array
        (
            [http_request_failed] => Array
                (
                    [0] => Only HTTP(S) requests are handled.
                )

        )

    [error_data] => Array
        (
        )

    [additional_data:protected] => Array
        (
        )

)

2024-05-16T16:27:27+00:00 ERROR Error getting data feed
2024-05-16T16:27:27+00:00 ERROR WP_Error Object
(
    [errors] => Array
        (
            [http_request_failed] => Array
                (
                    [0] => Only HTTP(S) requests are handled.
                )

        )

    [error_data] => Array
        (
        )

    [additional_data:protected] => Array
        (
        )

)

2024-05-16T16:27:30+00:00 ERROR Error getting data feed
2024-05-16T16:27:30+00:00 ERROR WP_Error Object
(
    [errors] => Array
        (
            [http_request_failed] => Array
                (
                    [0] => Only HTTP(S) requests are handled.
                )

        )

    [error_data] => Array
        (
        )

    [additional_data:protected] => Array
        (
        )

)

2024-05-16T16:33:17+00:00 ERROR Error getting data feed
2024-05-16T16:33:17+00:00 ERROR WP_Error Object
(
    [errors] => Array
        (
            [http_request_failed] => Array
                (
                    [0] => Only HTTP(S) requests are handled.
                )

        )

    [error_data] => Array
        (
        )

    [additional_data:protected] => Array
        (
        )

)

2024-05-16T16:33:20+00:00 ERROR Error getting data feed
2024-05-16T16:33:20+00:00 ERROR WP_Error Object
(
    [errors] => Array
        (
            [http_request_failed] => Array
                (
                    [0] => Only HTTP(S) requests are handled.
                )

        )

    [error_data] => Array
        (
        )

    [additional_data:protected] => Array
        (
        )

)

2024-05-16T17:47:14+00:00 ERROR Error getting data feed
2024-05-16T17:47:14+00:00 ERROR WP_Error Object
(
    [errors] => Array
        (
            [http_request_failed] => Array
                (
                    [0] => Only HTTP(S) requests are handled.
                )

        )

    [error_data] => Array
        (
        )

    [additional_data:protected] => Array
        (
        )

)

2024-05-16T17:47:31+00:00 ERROR Error getting data feed
2024-05-16T17:47:31+00:00 ERROR WP_Error Object
(
    [errors] => Array
        (
            [http_request_failed] => Array
                (
                    [0] => Only HTTP(S) requests are handled.
                )

        )

    [error_data] => Array
        (
        )

    [additional_data:protected] => Array
        (
        )

)

2024-05-16T17:47:31+00:00 ERROR Error getting data feed
2024-05-16T17:47:31+00:00 ERROR WP_Error Object
(
    [errors] => Array
        (
            [http_request_failed] => Array
                (
                    [0] => Only HTTP(S) requests are handled.
                )

        )

    [error_data] => Array
        (
        )

    [additional_data:protected] => Array
        (
        )

)

2024-05-16T17:47:46+00:00 ERROR Error getting data feed
2024-05-16T17:47:46+00:00 ERROR WP_Error Object
(
    [errors] => Array
        (
            [http_request_failed] => Array
                (
                    [0] => Only HTTP(S) requests are handled.
                )

        )

    [error_data] => Array
        (
        )

    [additional_data:protected] => Array
        (
        )

)

2024-05-16T17:48:26+00:00 ERROR Error getting data feed
2024-05-16T17:48:26+00:00 ERROR WP_Error Object
(
    [errors] => Array
        (
            [http_request_failed] => Array
                (
                    [0] => Only HTTP(S) requests are handled.
                )

        )

    [error_data] => Array
        (
        )

    [additional_data:protected] => Array
        (
        )

)

2024-05-16T17:48:27+00:00 ERROR Error getting data feed
2024-05-16T17:48:27+00:00 ERROR WP_Error Object
(
    [errors] => Array
        (
            [http_request_failed] => Array
                (
                    [0] => Only HTTP(S) requests are handled.
                )

        )

    [error_data] => Array
        (
        )

    [additional_data:protected] => Array
        (
        )

)

2024-05-16T17:48:47+00:00 ERROR Error getting data feed
2024-05-16T17:48:47+00:00 ERROR WP_Error Object
(
    [errors] => Array
        (
            [http_request_failed] => Array
                (
                    [0] => Only HTTP(S) requests are handled.
                )

        )

    [error_data] => Array
        (
        )

    [additional_data:protected] => Array
        (
        )

)

2024-05-16T17:48:48+00:00 ERROR Error getting data feed
2024-05-16T17:48:48+00:00 ERROR WP_Error Object
(
    [errors] => Array
        (
            [http_request_failed] => Array
                (
                    [0] => Only HTTP(S) requests are handled.
                )

        )

    [error_data] => Array
        (
        )

    [additional_data:protected] => Array
        (
        )

)

2024-05-16T17:50:40+00:00 ERROR Error getting data feed
2024-05-16T17:50:40+00:00 ERROR WP_Error Object
(
    [errors] => Array
        (
            [http_request_failed] => Array
                (
                    [0] => Only HTTP(S) requests are handled.
                )

        )

    [error_data] => Array
        (
        )

    [additional_data:protected] => Array
        (
        )

)

2024-05-16T17:50:41+00:00 ERROR Error getting data feed
2024-05-16T17:50:41+00:00 ERROR WP_Error Object
(
    [errors] => Array
        (
            [http_request_failed] => Array
                (
                    [0] => Only HTTP(S) requests are handled.
                )

        )

    [error_data] => Array
        (
        )

    [additional_data:protected] => Array
        (
        )

)

2024-05-16T17:50:58+00:00 ERROR Error getting data feed
2024-05-16T17:50:58+00:00 ERROR WP_Error Object
(
    [errors] => Array
        (
            [http_request_failed] => Array
                (
                    [0] => Only HTTP(S) requests are handled.
                )

        )

    [error_data] => Array
        (
        )

    [additional_data:protected] => Array
        (
        )

)

2024-05-16T17:50:58+00:00 ERROR Error getting data feed
2024-05-16T17:50:58+00:00 ERROR WP_Error Object
(
    [errors] => Array
        (
            [http_request_failed] => Array
                (
                    [0] => Only HTTP(S) requests are handled.
                )

        )

    [error_data] => Array
        (
        )

    [additional_data:protected] => Array
        (
        )

)

2024-05-16T17:56:13+00:00 ERROR Error getting data feed
2024-05-16T17:56:13+00:00 ERROR WP_Error Object
(
    [errors] => Array
        (
            [http_request_failed] => Array
                (
                    [0] => Only HTTP(S) requests are handled.
                )

        )

    [error_data] => Array
        (
        )

    [additional_data:protected] => Array
        (
        )

)

2024-05-16T17:56:20+00:00 ERROR Error getting data feed
2024-05-16T17:56:20+00:00 ERROR WP_Error Object
(
    [errors] => Array
        (
            [http_request_failed] => Array
                (
                    [0] => Only HTTP(S) requests are handled.
                )

        )

    [error_data] => Array
        (
        )

    [additional_data:protected] => Array
        (
        )

)

2024-05-16T17:56:35+00:00 ERROR Error getting data feed
2024-05-16T17:56:35+00:00 ERROR WP_Error Object
(
    [errors] => Array
        (
            [http_request_failed] => Array
                (
                    [0] => Only HTTP(S) requests are handled.
                )

        )

    [error_data] => Array
        (
        )

    [additional_data:protected] => Array
        (
        )

)

2024-05-16T17:56:40+00:00 ERROR Error getting data feed
2024-05-16T17:56:40+00:00 ERROR WP_Error Object
(
    [errors] => Array
        (
            [http_request_failed] => Array
                (
                    [0] => Only HTTP(S) requests are handled.
                )

        )

    [error_data] => Array
        (
        )

    [additional_data:protected] => Array
        (
        )

)

