2024-05-16T16:22:28+00:00 ERROR Error getting data feed
2024-05-16T16:22:28+00:00 ERROR WP_Error Object
(
    [errors] => Array
        (
            [http_request_failed] => Array
                (
                    [0] => Only HTTP(S) requests are handled.
                )

        )

    [error_data] => Array
        (
        )

    [additional_data:protected] => Array
        (
        )

)

2024-05-16T16:22:28+00:00 ERROR Error getting data feed
2024-05-16T16:22:28+00:00 ERROR WP_Error Object
(
    [errors] => Array
        (
            [http_request_failed] => Array
                (
                    [0] => Only HTTP(S) requests are handled.
                )

        )

    [error_data] => Array
        (
        )

    [additional_data:protected] => Array
        (
        )

)

2024-05-16T16:58:59+00:00 ERROR Error getting data feed
2024-05-16T16:58:59+00:00 ERROR WP_Error Object
(
    [errors] => Array
        (
            [http_request_failed] => Array
                (
                    [0] => Only HTTP(S) requests are handled.
                )

        )

    [error_data] => Array
        (
        )

    [additional_data:protected] => Array
        (
        )

)

2024-05-16T17:42:26+00:00 ERROR Error getting data feed
2024-05-16T17:42:26+00:00 ERROR WP_Error Object
(
    [errors] => Array
        (
            [http_request_failed] => Array
                (
                    [0] => Only HTTP(S) requests are handled.
                )

        )

    [error_data] => Array
        (
        )

    [additional_data:protected] => Array
        (
        )

)

2024-05-16T17:47:23+00:00 ERROR Error getting data feed
2024-05-16T17:47:23+00:00 ERROR WP_Error Object
(
    [errors] => Array
        (
            [http_request_failed] => Array
                (
                    [0] => Only HTTP(S) requests are handled.
                )

        )

    [error_data] => Array
        (
        )

    [additional_data:protected] => Array
        (
        )

)

2024-05-16T17:49:00+00:00 ERROR Error getting data feed
2024-05-16T17:49:00+00:00 ERROR WP_Error Object
(
    [errors] => Array
        (
            [http_request_failed] => Array
                (
                    [0] => Only HTTP(S) requests are handled.
                )

        )

    [error_data] => Array
        (
        )

    [additional_data:protected] => Array
        (
        )

)

2024-05-16T17:50:17+00:00 ERROR Error getting data feed
2024-05-16T17:50:17+00:00 ERROR WP_Error Object
(
    [errors] => Array
        (
            [http_request_failed] => Array
                (
                    [0] => Only HTTP(S) requests are handled.
                )

        )

    [error_data] => Array
        (
        )

    [additional_data:protected] => Array
        (
        )

)

2024-05-16T17:51:31+00:00 ERROR Error getting data feed
2024-05-16T17:51:31+00:00 ERROR WP_Error Object
(
    [errors] => Array
        (
            [http_request_failed] => Array
                (
                    [0] => Only HTTP(S) requests are handled.
                )

        )

    [error_data] => Array
        (
        )

    [additional_data:protected] => Array
        (
        )

)

2024-05-16T17:54:03+00:00 ERROR Error getting data feed
2024-05-16T17:54:03+00:00 ERROR WP_Error Object
(
    [errors] => Array
        (
            [http_request_failed] => Array
                (
                    [0] => Only HTTP(S) requests are handled.
                )

        )

    [error_data] => Array
        (
        )

    [additional_data:protected] => Array
        (
        )

)

2024-05-16T17:55:16+00:00 ERROR Error getting data feed
2024-05-16T17:55:16+00:00 ERROR WP_Error Object
(
    [errors] => Array
        (
            [http_request_failed] => Array
                (
                    [0] => Only HTTP(S) requests are handled.
                )

        )

    [error_data] => Array
        (
        )

    [additional_data:protected] => Array
        (
        )

)

