2024-05-16T16:06:18+00:00 ERROR Error getting data feed
2024-05-16T16:06:18+00:00 ERROR WP_Error Object
(
    [errors] => Array
        (
            [http_request_failed] => Array
                (
                    [0] => Only HTTP(S) requests are handled.
                )

        )

    [error_data] => Array
        (
        )

    [additional_data:protected] => Array
        (
        )

)

2024-05-16T16:06:18+00:00 ERROR Error getting data feed
2024-05-16T16:06:18+00:00 ERROR WP_Error Object
(
    [errors] => Array
        (
            [http_request_failed] => Array
                (
                    [0] => Only HTTP(S) requests are handled.
                )

        )

    [error_data] => Array
        (
        )

    [additional_data:protected] => Array
        (
        )

)

2024-05-16T16:08:44+00:00 ERROR Error getting data feed
2024-05-16T16:08:44+00:00 ERROR WP_Error Object
(
    [errors] => Array
        (
            [http_request_failed] => Array
                (
                    [0] => Only HTTP(S) requests are handled.
                )

        )

    [error_data] => Array
        (
        )

    [additional_data:protected] => Array
        (
        )

)

2024-05-16T16:08:44+00:00 ERROR Error getting data feed
2024-05-16T16:08:44+00:00 ERROR WP_Error Object
(
    [errors] => Array
        (
            [http_request_failed] => Array
                (
                    [0] => Only HTTP(S) requests are handled.
                )

        )

    [error_data] => Array
        (
        )

    [additional_data:protected] => Array
        (
        )

)

2024-05-16T16:21:27+00:00 ERROR Error getting data feed
2024-05-16T16:21:27+00:00 ERROR WP_Error Object
(
    [errors] => Array
        (
            [http_request_failed] => Array
                (
                    [0] => Only HTTP(S) requests are handled.
                )

        )

    [error_data] => Array
        (
        )

    [additional_data:protected] => Array
        (
        )

)

2024-05-16T16:21:27+00:00 ERROR Error getting data feed
2024-05-16T16:21:27+00:00 ERROR WP_Error Object
(
    [errors] => Array
        (
            [http_request_failed] => Array
                (
                    [0] => Only HTTP(S) requests are handled.
                )

        )

    [error_data] => Array
        (
        )

    [additional_data:protected] => Array
        (
        )

)

2024-05-16T16:22:29+00:00 ERROR Error getting data feed
2024-05-16T16:22:29+00:00 ERROR WP_Error Object
(
    [errors] => Array
        (
            [http_request_failed] => Array
                (
                    [0] => Only HTTP(S) requests are handled.
                )

        )

    [error_data] => Array
        (
        )

    [additional_data:protected] => Array
        (
        )

)

2024-05-16T16:22:29+00:00 ERROR Error getting data feed
2024-05-16T16:22:29+00:00 ERROR WP_Error Object
(
    [errors] => Array
        (
            [http_request_failed] => Array
                (
                    [0] => Only HTTP(S) requests are handled.
                )

        )

    [error_data] => Array
        (
        )

    [additional_data:protected] => Array
        (
        )

)

2024-05-16T16:22:59+00:00 ERROR Error getting data feed
2024-05-16T16:22:59+00:00 ERROR WP_Error Object
(
    [errors] => Array
        (
            [http_request_failed] => Array
                (
                    [0] => Only HTTP(S) requests are handled.
                )

        )

    [error_data] => Array
        (
        )

    [additional_data:protected] => Array
        (
        )

)

2024-05-16T16:22:59+00:00 ERROR Error getting data feed
2024-05-16T16:22:59+00:00 ERROR WP_Error Object
(
    [errors] => Array
        (
            [http_request_failed] => Array
                (
                    [0] => Only HTTP(S) requests are handled.
                )

        )

    [error_data] => Array
        (
        )

    [additional_data:protected] => Array
        (
        )

)

2024-05-16T16:23:22+00:00 ERROR Error getting data feed
2024-05-16T16:23:22+00:00 ERROR WP_Error Object
(
    [errors] => Array
        (
            [http_request_failed] => Array
                (
                    [0] => Only HTTP(S) requests are handled.
                )

        )

    [error_data] => Array
        (
        )

    [additional_data:protected] => Array
        (
        )

)

2024-05-16T16:23:23+00:00 ERROR Error getting data feed
2024-05-16T16:23:23+00:00 ERROR WP_Error Object
(
    [errors] => Array
        (
            [http_request_failed] => Array
                (
                    [0] => Only HTTP(S) requests are handled.
                )

        )

    [error_data] => Array
        (
        )

    [additional_data:protected] => Array
        (
        )

)

2024-05-16T16:23:46+00:00 ERROR Error getting data feed
2024-05-16T16:23:46+00:00 ERROR WP_Error Object
(
    [errors] => Array
        (
            [http_request_failed] => Array
                (
                    [0] => Only HTTP(S) requests are handled.
                )

        )

    [error_data] => Array
        (
        )

    [additional_data:protected] => Array
        (
        )

)

2024-05-16T16:23:47+00:00 ERROR Error getting data feed
2024-05-16T16:23:47+00:00 ERROR WP_Error Object
(
    [errors] => Array
        (
            [http_request_failed] => Array
                (
                    [0] => Only HTTP(S) requests are handled.
                )

        )

    [error_data] => Array
        (
        )

    [additional_data:protected] => Array
        (
        )

)

2024-05-16T16:24:08+00:00 ERROR Error getting data feed
2024-05-16T16:24:08+00:00 ERROR WP_Error Object
(
    [errors] => Array
        (
            [http_request_failed] => Array
                (
                    [0] => Only HTTP(S) requests are handled.
                )

        )

    [error_data] => Array
        (
        )

    [additional_data:protected] => Array
        (
        )

)

2024-05-16T16:24:08+00:00 ERROR Error getting data feed
2024-05-16T16:24:08+00:00 ERROR WP_Error Object
(
    [errors] => Array
        (
            [http_request_failed] => Array
                (
                    [0] => Only HTTP(S) requests are handled.
                )

        )

    [error_data] => Array
        (
        )

    [additional_data:protected] => Array
        (
        )

)

2024-05-16T16:25:31+00:00 ERROR Error getting data feed
2024-05-16T16:25:31+00:00 ERROR WP_Error Object
(
    [errors] => Array
        (
            [http_request_failed] => Array
                (
                    [0] => Only HTTP(S) requests are handled.
                )

        )

    [error_data] => Array
        (
        )

    [additional_data:protected] => Array
        (
        )

)

2024-05-16T16:25:31+00:00 ERROR Error getting data feed
2024-05-16T16:25:31+00:00 ERROR WP_Error Object
(
    [errors] => Array
        (
            [http_request_failed] => Array
                (
                    [0] => Only HTTP(S) requests are handled.
                )

        )

    [error_data] => Array
        (
        )

    [additional_data:protected] => Array
        (
        )

)

2024-05-16T16:27:22+00:00 ERROR Error getting data feed
2024-05-16T16:27:22+00:00 ERROR WP_Error Object
(
    [errors] => Array
        (
            [http_request_failed] => Array
                (
                    [0] => Only HTTP(S) requests are handled.
                )

        )

    [error_data] => Array
        (
        )

    [additional_data:protected] => Array
        (
        )

)

2024-05-16T16:27:22+00:00 ERROR Error getting data feed
2024-05-16T16:27:22+00:00 ERROR WP_Error Object
(
    [errors] => Array
        (
            [http_request_failed] => Array
                (
                    [0] => Only HTTP(S) requests are handled.
                )

        )

    [error_data] => Array
        (
        )

    [additional_data:protected] => Array
        (
        )

)

2024-05-16T16:27:35+00:00 ERROR Error getting data feed
2024-05-16T16:27:35+00:00 ERROR WP_Error Object
(
    [errors] => Array
        (
            [http_request_failed] => Array
                (
                    [0] => Only HTTP(S) requests are handled.
                )

        )

    [error_data] => Array
        (
        )

    [additional_data:protected] => Array
        (
        )

)

2024-05-16T16:27:54+00:00 ERROR Error getting data feed
2024-05-16T16:27:54+00:00 ERROR WP_Error Object
(
    [errors] => Array
        (
            [http_request_failed] => Array
                (
                    [0] => Only HTTP(S) requests are handled.
                )

        )

    [error_data] => Array
        (
        )

    [additional_data:protected] => Array
        (
        )

)

2024-05-16T16:28:04+00:00 ERROR Error getting data feed
2024-05-16T16:28:04+00:00 ERROR WP_Error Object
(
    [errors] => Array
        (
            [http_request_failed] => Array
                (
                    [0] => Only HTTP(S) requests are handled.
                )

        )

    [error_data] => Array
        (
        )

    [additional_data:protected] => Array
        (
        )

)

2024-05-16T16:28:29+00:00 ERROR Error getting data feed
2024-05-16T16:28:29+00:00 ERROR WP_Error Object
(
    [errors] => Array
        (
            [http_request_failed] => Array
                (
                    [0] => Only HTTP(S) requests are handled.
                )

        )

    [error_data] => Array
        (
        )

    [additional_data:protected] => Array
        (
        )

)

2024-05-16T16:32:53+00:00 ERROR Error getting data feed
2024-05-16T16:32:53+00:00 ERROR WP_Error Object
(
    [errors] => Array
        (
            [http_request_failed] => Array
                (
                    [0] => Only HTTP(S) requests are handled.
                )

        )

    [error_data] => Array
        (
        )

    [additional_data:protected] => Array
        (
        )

)

2024-05-16T16:33:14+00:00 ERROR Error getting data feed
2024-05-16T16:33:14+00:00 ERROR WP_Error Object
(
    [errors] => Array
        (
            [http_request_failed] => Array
                (
                    [0] => Only HTTP(S) requests are handled.
                )

        )

    [error_data] => Array
        (
        )

    [additional_data:protected] => Array
        (
        )

)

2024-05-16T16:33:14+00:00 ERROR Error getting data feed
2024-05-16T16:33:14+00:00 ERROR WP_Error Object
(
    [errors] => Array
        (
            [http_request_failed] => Array
                (
                    [0] => Only HTTP(S) requests are handled.
                )

        )

    [error_data] => Array
        (
        )

    [additional_data:protected] => Array
        (
        )

)

2024-05-16T16:33:24+00:00 ERROR Error getting data feed
2024-05-16T16:33:24+00:00 ERROR WP_Error Object
(
    [errors] => Array
        (
            [http_request_failed] => Array
                (
                    [0] => Only HTTP(S) requests are handled.
                )

        )

    [error_data] => Array
        (
        )

    [additional_data:protected] => Array
        (
        )

)

2024-05-16T16:33:43+00:00 ERROR Error getting data feed
2024-05-16T16:33:43+00:00 ERROR WP_Error Object
(
    [errors] => Array
        (
            [http_request_failed] => Array
                (
                    [0] => Only HTTP(S) requests are handled.
                )

        )

    [error_data] => Array
        (
        )

    [additional_data:protected] => Array
        (
        )

)

2024-05-16T16:34:14+00:00 ERROR Error getting data feed
2024-05-16T16:34:14+00:00 ERROR WP_Error Object
(
    [errors] => Array
        (
            [http_request_failed] => Array
                (
                    [0] => Only HTTP(S) requests are handled.
                )

        )

    [error_data] => Array
        (
        )

    [additional_data:protected] => Array
        (
        )

)

2024-05-16T16:35:45+00:00 ERROR Error getting data feed
2024-05-16T16:35:45+00:00 ERROR WP_Error Object
(
    [errors] => Array
        (
            [http_request_failed] => Array
                (
                    [0] => Only HTTP(S) requests are handled.
                )

        )

    [error_data] => Array
        (
        )

    [additional_data:protected] => Array
        (
        )

)

2024-05-16T16:37:54+00:00 ERROR Error getting data feed
2024-05-16T16:37:54+00:00 ERROR WP_Error Object
(
    [errors] => Array
        (
            [http_request_failed] => Array
                (
                    [0] => Only HTTP(S) requests are handled.
                )

        )

    [error_data] => Array
        (
        )

    [additional_data:protected] => Array
        (
        )

)

2024-05-16T16:38:13+00:00 ERROR Error getting data feed
2024-05-16T16:38:13+00:00 ERROR WP_Error Object
(
    [errors] => Array
        (
            [http_request_failed] => Array
                (
                    [0] => Only HTTP(S) requests are handled.
                )

        )

    [error_data] => Array
        (
        )

    [additional_data:protected] => Array
        (
        )

)

2024-05-16T16:38:22+00:00 ERROR Error getting data feed
2024-05-16T16:38:22+00:00 ERROR WP_Error Object
(
    [errors] => Array
        (
            [http_request_failed] => Array
                (
                    [0] => Only HTTP(S) requests are handled.
                )

        )

    [error_data] => Array
        (
        )

    [additional_data:protected] => Array
        (
        )

)

2024-05-16T16:39:46+00:00 ERROR Error getting data feed
2024-05-16T16:39:46+00:00 ERROR WP_Error Object
(
    [errors] => Array
        (
            [http_request_failed] => Array
                (
                    [0] => Only HTTP(S) requests are handled.
                )

        )

    [error_data] => Array
        (
        )

    [additional_data:protected] => Array
        (
        )

)

2024-05-16T16:40:42+00:00 ERROR Error getting data feed
2024-05-16T16:40:42+00:00 ERROR WP_Error Object
(
    [errors] => Array
        (
            [http_request_failed] => Array
                (
                    [0] => Only HTTP(S) requests are handled.
                )

        )

    [error_data] => Array
        (
        )

    [additional_data:protected] => Array
        (
        )

)

2024-05-16T16:40:56+00:00 ERROR Error getting data feed
2024-05-16T16:40:56+00:00 ERROR WP_Error Object
(
    [errors] => Array
        (
            [http_request_failed] => Array
                (
                    [0] => Only HTTP(S) requests are handled.
                )

        )

    [error_data] => Array
        (
        )

    [additional_data:protected] => Array
        (
        )

)

2024-05-16T16:40:56+00:00 ERROR Error getting data feed
2024-05-16T16:40:56+00:00 ERROR WP_Error Object
(
    [errors] => Array
        (
            [http_request_failed] => Array
                (
                    [0] => Only HTTP(S) requests are handled.
                )

        )

    [error_data] => Array
        (
        )

    [additional_data:protected] => Array
        (
        )

)

2024-05-16T16:40:56+00:00 ERROR Error getting data feed
2024-05-16T16:40:56+00:00 ERROR WP_Error Object
(
    [errors] => Array
        (
            [http_request_failed] => Array
                (
                    [0] => Only HTTP(S) requests are handled.
                )

        )

    [error_data] => Array
        (
        )

    [additional_data:protected] => Array
        (
        )

)

2024-05-16T16:40:56+00:00 ERROR Error getting data feed
2024-05-16T16:40:56+00:00 ERROR WP_Error Object
(
    [errors] => Array
        (
            [http_request_failed] => Array
                (
                    [0] => Only HTTP(S) requests are handled.
                )

        )

    [error_data] => Array
        (
        )

    [additional_data:protected] => Array
        (
        )

)

2024-05-16T16:40:57+00:00 ERROR Error getting data feed
2024-05-16T16:40:57+00:00 ERROR WP_Error Object
(
    [errors] => Array
        (
            [http_request_failed] => Array
                (
                    [0] => Only HTTP(S) requests are handled.
                )

        )

    [error_data] => Array
        (
        )

    [additional_data:protected] => Array
        (
        )

)

2024-05-16T16:40:57+00:00 ERROR Error getting data feed
2024-05-16T16:40:57+00:00 ERROR WP_Error Object
(
    [errors] => Array
        (
            [http_request_failed] => Array
                (
                    [0] => Only HTTP(S) requests are handled.
                )

        )

    [error_data] => Array
        (
        )

    [additional_data:protected] => Array
        (
        )

)

2024-05-16T16:40:57+00:00 ERROR Error getting data feed
2024-05-16T16:40:57+00:00 ERROR WP_Error Object
(
    [errors] => Array
        (
            [http_request_failed] => Array
                (
                    [0] => Only HTTP(S) requests are handled.
                )

        )

    [error_data] => Array
        (
        )

    [additional_data:protected] => Array
        (
        )

)

2024-05-16T16:47:28+00:00 ERROR Error getting data feed
2024-05-16T16:47:28+00:00 ERROR WP_Error Object
(
    [errors] => Array
        (
            [http_request_failed] => Array
                (
                    [0] => Only HTTP(S) requests are handled.
                )

        )

    [error_data] => Array
        (
        )

    [additional_data:protected] => Array
        (
        )

)

2024-05-16T16:47:28+00:00 ERROR Error getting data feed
2024-05-16T16:47:28+00:00 ERROR WP_Error Object
(
    [errors] => Array
        (
            [http_request_failed] => Array
                (
                    [0] => Only HTTP(S) requests are handled.
                )

        )

    [error_data] => Array
        (
        )

    [additional_data:protected] => Array
        (
        )

)

2024-05-16T16:47:28+00:00 ERROR Error getting data feed
2024-05-16T16:47:28+00:00 ERROR WP_Error Object
(
    [errors] => Array
        (
            [http_request_failed] => Array
                (
                    [0] => Only HTTP(S) requests are handled.
                )

        )

    [error_data] => Array
        (
        )

    [additional_data:protected] => Array
        (
        )

)

2024-05-16T16:47:30+00:00 ERROR Error getting data feed
2024-05-16T16:47:30+00:00 ERROR WP_Error Object
(
    [errors] => Array
        (
            [http_request_failed] => Array
                (
                    [0] => Only HTTP(S) requests are handled.
                )

        )

    [error_data] => Array
        (
        )

    [additional_data:protected] => Array
        (
        )

)

2024-05-16T16:47:31+00:00 ERROR Error getting data feed
2024-05-16T16:47:31+00:00 ERROR WP_Error Object
(
    [errors] => Array
        (
            [http_request_failed] => Array
                (
                    [0] => Only HTTP(S) requests are handled.
                )

        )

    [error_data] => Array
        (
        )

    [additional_data:protected] => Array
        (
        )

)

2024-05-16T16:47:31+00:00 ERROR Error getting data feed
2024-05-16T16:47:31+00:00 ERROR WP_Error Object
(
    [errors] => Array
        (
            [http_request_failed] => Array
                (
                    [0] => Only HTTP(S) requests are handled.
                )

        )

    [error_data] => Array
        (
        )

    [additional_data:protected] => Array
        (
        )

)

2024-05-16T16:47:31+00:00 ERROR Error getting data feed
2024-05-16T16:47:31+00:00 ERROR WP_Error Object
(
    [errors] => Array
        (
            [http_request_failed] => Array
                (
                    [0] => Only HTTP(S) requests are handled.
                )

        )

    [error_data] => Array
        (
        )

    [additional_data:protected] => Array
        (
        )

)

2024-05-16T16:48:04+00:00 ERROR Error getting data feed
2024-05-16T16:48:04+00:00 ERROR WP_Error Object
(
    [errors] => Array
        (
            [http_request_failed] => Array
                (
                    [0] => Only HTTP(S) requests are handled.
                )

        )

    [error_data] => Array
        (
        )

    [additional_data:protected] => Array
        (
        )

)

2024-05-16T16:48:04+00:00 ERROR Error getting data feed
2024-05-16T16:48:04+00:00 ERROR WP_Error Object
(
    [errors] => Array
        (
            [http_request_failed] => Array
                (
                    [0] => Only HTTP(S) requests are handled.
                )

        )

    [error_data] => Array
        (
        )

    [additional_data:protected] => Array
        (
        )

)

2024-05-16T16:48:05+00:00 ERROR Error getting data feed
2024-05-16T16:48:05+00:00 ERROR WP_Error Object
(
    [errors] => Array
        (
            [http_request_failed] => Array
                (
                    [0] => Only HTTP(S) requests are handled.
                )

        )

    [error_data] => Array
        (
        )

    [additional_data:protected] => Array
        (
        )

)

2024-05-16T16:48:29+00:00 ERROR Error getting data feed
2024-05-16T16:48:29+00:00 ERROR WP_Error Object
(
    [errors] => Array
        (
            [http_request_failed] => Array
                (
                    [0] => Only HTTP(S) requests are handled.
                )

        )

    [error_data] => Array
        (
        )

    [additional_data:protected] => Array
        (
        )

)

2024-05-16T16:48:29+00:00 ERROR Error getting data feed
2024-05-16T16:48:30+00:00 ERROR WP_Error Object
(
    [errors] => Array
        (
            [http_request_failed] => Array
                (
                    [0] => Only HTTP(S) requests are handled.
                )

        )

    [error_data] => Array
        (
        )

    [additional_data:protected] => Array
        (
        )

)

2024-05-16T16:48:30+00:00 ERROR Error getting data feed
2024-05-16T16:48:30+00:00 ERROR WP_Error Object
(
    [errors] => Array
        (
            [http_request_failed] => Array
                (
                    [0] => Only HTTP(S) requests are handled.
                )

        )

    [error_data] => Array
        (
        )

    [additional_data:protected] => Array
        (
        )

)

2024-05-16T16:49:25+00:00 ERROR Error getting data feed
2024-05-16T16:49:25+00:00 ERROR WP_Error Object
(
    [errors] => Array
        (
            [http_request_failed] => Array
                (
                    [0] => Only HTTP(S) requests are handled.
                )

        )

    [error_data] => Array
        (
        )

    [additional_data:protected] => Array
        (
        )

)

2024-05-16T16:49:26+00:00 ERROR Error getting data feed
2024-05-16T16:49:26+00:00 ERROR WP_Error Object
(
    [errors] => Array
        (
            [http_request_failed] => Array
                (
                    [0] => Only HTTP(S) requests are handled.
                )

        )

    [error_data] => Array
        (
        )

    [additional_data:protected] => Array
        (
        )

)

2024-05-16T16:49:26+00:00 ERROR Error getting data feed
2024-05-16T16:49:26+00:00 ERROR WP_Error Object
(
    [errors] => Array
        (
            [http_request_failed] => Array
                (
                    [0] => Only HTTP(S) requests are handled.
                )

        )

    [error_data] => Array
        (
        )

    [additional_data:protected] => Array
        (
        )

)

2024-05-16T16:50:02+00:00 ERROR Error getting data feed
2024-05-16T16:50:02+00:00 ERROR WP_Error Object
(
    [errors] => Array
        (
            [http_request_failed] => Array
                (
                    [0] => Only HTTP(S) requests are handled.
                )

        )

    [error_data] => Array
        (
        )

    [additional_data:protected] => Array
        (
        )

)

2024-05-16T16:50:04+00:00 ERROR Error getting data feed
2024-05-16T16:50:04+00:00 ERROR WP_Error Object
(
    [errors] => Array
        (
            [http_request_failed] => Array
                (
                    [0] => Only HTTP(S) requests are handled.
                )

        )

    [error_data] => Array
        (
        )

    [additional_data:protected] => Array
        (
        )

)

2024-05-16T16:50:04+00:00 ERROR Error getting data feed
2024-05-16T16:50:04+00:00 ERROR WP_Error Object
(
    [errors] => Array
        (
            [http_request_failed] => Array
                (
                    [0] => Only HTTP(S) requests are handled.
                )

        )

    [error_data] => Array
        (
        )

    [additional_data:protected] => Array
        (
        )

)

2024-05-16T16:50:53+00:00 ERROR Error getting data feed
2024-05-16T16:50:53+00:00 ERROR WP_Error Object
(
    [errors] => Array
        (
            [http_request_failed] => Array
                (
                    [0] => Only HTTP(S) requests are handled.
                )

        )

    [error_data] => Array
        (
        )

    [additional_data:protected] => Array
        (
        )

)

2024-05-16T16:50:54+00:00 ERROR Error getting data feed
2024-05-16T16:50:54+00:00 ERROR WP_Error Object
(
    [errors] => Array
        (
            [http_request_failed] => Array
                (
                    [0] => Only HTTP(S) requests are handled.
                )

        )

    [error_data] => Array
        (
        )

    [additional_data:protected] => Array
        (
        )

)

2024-05-16T16:50:54+00:00 ERROR Error getting data feed
2024-05-16T16:50:54+00:00 ERROR WP_Error Object
(
    [errors] => Array
        (
            [http_request_failed] => Array
                (
                    [0] => Only HTTP(S) requests are handled.
                )

        )

    [error_data] => Array
        (
        )

    [additional_data:protected] => Array
        (
        )

)

2024-05-16T16:53:23+00:00 ERROR Error getting data feed
2024-05-16T16:53:23+00:00 ERROR WP_Error Object
(
    [errors] => Array
        (
            [http_request_failed] => Array
                (
                    [0] => Only HTTP(S) requests are handled.
                )

        )

    [error_data] => Array
        (
        )

    [additional_data:protected] => Array
        (
        )

)

2024-05-16T16:53:28+00:00 ERROR Error getting data feed
2024-05-16T16:53:28+00:00 ERROR WP_Error Object
(
    [errors] => Array
        (
            [http_request_failed] => Array
                (
                    [0] => Only HTTP(S) requests are handled.
                )

        )

    [error_data] => Array
        (
        )

    [additional_data:protected] => Array
        (
        )

)

2024-05-16T16:53:28+00:00 ERROR Error getting data feed
2024-05-16T16:53:28+00:00 ERROR WP_Error Object
(
    [errors] => Array
        (
            [http_request_failed] => Array
                (
                    [0] => Only HTTP(S) requests are handled.
                )

        )

    [error_data] => Array
        (
        )

    [additional_data:protected] => Array
        (
        )

)

2024-05-16T16:54:20+00:00 ERROR Error getting data feed
2024-05-16T16:54:20+00:00 ERROR WP_Error Object
(
    [errors] => Array
        (
            [http_request_failed] => Array
                (
                    [0] => Only HTTP(S) requests are handled.
                )

        )

    [error_data] => Array
        (
        )

    [additional_data:protected] => Array
        (
        )

)

2024-05-16T16:54:21+00:00 ERROR Error getting data feed
2024-05-16T16:54:21+00:00 ERROR WP_Error Object
(
    [errors] => Array
        (
            [http_request_failed] => Array
                (
                    [0] => Only HTTP(S) requests are handled.
                )

        )

    [error_data] => Array
        (
        )

    [additional_data:protected] => Array
        (
        )

)

2024-05-16T16:54:21+00:00 ERROR Error getting data feed
2024-05-16T16:54:21+00:00 ERROR WP_Error Object
(
    [errors] => Array
        (
            [http_request_failed] => Array
                (
                    [0] => Only HTTP(S) requests are handled.
                )

        )

    [error_data] => Array
        (
        )

    [additional_data:protected] => Array
        (
        )

)

2024-05-16T16:56:17+00:00 ERROR Error getting data feed
2024-05-16T16:56:17+00:00 ERROR WP_Error Object
(
    [errors] => Array
        (
            [http_request_failed] => Array
                (
                    [0] => Only HTTP(S) requests are handled.
                )

        )

    [error_data] => Array
        (
        )

    [additional_data:protected] => Array
        (
        )

)

2024-05-16T16:56:18+00:00 ERROR Error getting data feed
2024-05-16T16:56:18+00:00 ERROR WP_Error Object
(
    [errors] => Array
        (
            [http_request_failed] => Array
                (
                    [0] => Only HTTP(S) requests are handled.
                )

        )

    [error_data] => Array
        (
        )

    [additional_data:protected] => Array
        (
        )

)

2024-05-16T16:56:18+00:00 ERROR Error getting data feed
2024-05-16T16:56:18+00:00 ERROR WP_Error Object
(
    [errors] => Array
        (
            [http_request_failed] => Array
                (
                    [0] => Only HTTP(S) requests are handled.
                )

        )

    [error_data] => Array
        (
        )

    [additional_data:protected] => Array
        (
        )

)

2024-05-16T16:58:48+00:00 ERROR Error getting data feed
2024-05-16T16:58:48+00:00 ERROR WP_Error Object
(
    [errors] => Array
        (
            [http_request_failed] => Array
                (
                    [0] => Only HTTP(S) requests are handled.
                )

        )

    [error_data] => Array
        (
        )

    [additional_data:protected] => Array
        (
        )

)

2024-05-16T16:58:48+00:00 ERROR Error getting data feed
2024-05-16T16:58:48+00:00 ERROR WP_Error Object
(
    [errors] => Array
        (
            [http_request_failed] => Array
                (
                    [0] => Only HTTP(S) requests are handled.
                )

        )

    [error_data] => Array
        (
        )

    [additional_data:protected] => Array
        (
        )

)

2024-05-16T16:58:48+00:00 ERROR Error getting data feed
2024-05-16T16:58:48+00:00 ERROR WP_Error Object
(
    [errors] => Array
        (
            [http_request_failed] => Array
                (
                    [0] => Only HTTP(S) requests are handled.
                )

        )

    [error_data] => Array
        (
        )

    [additional_data:protected] => Array
        (
        )

)

2024-05-16T16:58:58+00:00 ERROR Error getting data feed
2024-05-16T16:58:58+00:00 ERROR WP_Error Object
(
    [errors] => Array
        (
            [http_request_failed] => Array
                (
                    [0] => Only HTTP(S) requests are handled.
                )

        )

    [error_data] => Array
        (
        )

    [additional_data:protected] => Array
        (
        )

)

2024-05-16T16:58:58+00:00 ERROR Error getting data feed
2024-05-16T16:58:58+00:00 ERROR WP_Error Object
(
    [errors] => Array
        (
            [http_request_failed] => Array
                (
                    [0] => Only HTTP(S) requests are handled.
                )

        )

    [error_data] => Array
        (
        )

    [additional_data:protected] => Array
        (
        )

)

2024-05-16T16:58:59+00:00 ERROR Error getting data feed
2024-05-16T16:58:59+00:00 ERROR WP_Error Object
(
    [errors] => Array
        (
            [http_request_failed] => Array
                (
                    [0] => Only HTTP(S) requests are handled.
                )

        )

    [error_data] => Array
        (
        )

    [additional_data:protected] => Array
        (
        )

)

2024-05-16T16:59:02+00:00 ERROR Error getting data feed
2024-05-16T16:59:02+00:00 ERROR WP_Error Object
(
    [errors] => Array
        (
            [http_request_failed] => Array
                (
                    [0] => Only HTTP(S) requests are handled.
                )

        )

    [error_data] => Array
        (
        )

    [additional_data:protected] => Array
        (
        )

)

2024-05-16T16:59:03+00:00 ERROR Error getting data feed
2024-05-16T16:59:03+00:00 ERROR WP_Error Object
(
    [errors] => Array
        (
            [http_request_failed] => Array
                (
                    [0] => Only HTTP(S) requests are handled.
                )

        )

    [error_data] => Array
        (
        )

    [additional_data:protected] => Array
        (
        )

)

2024-05-16T16:59:03+00:00 ERROR Error getting data feed
2024-05-16T16:59:03+00:00 ERROR WP_Error Object
(
    [errors] => Array
        (
            [http_request_failed] => Array
                (
                    [0] => Only HTTP(S) requests are handled.
                )

        )

    [error_data] => Array
        (
        )

    [additional_data:protected] => Array
        (
        )

)

2024-05-16T16:59:58+00:00 ERROR Error getting data feed
2024-05-16T16:59:58+00:00 ERROR WP_Error Object
(
    [errors] => Array
        (
            [http_request_failed] => Array
                (
                    [0] => Only HTTP(S) requests are handled.
                )

        )

    [error_data] => Array
        (
        )

    [additional_data:protected] => Array
        (
        )

)

2024-05-16T16:59:58+00:00 ERROR Error getting data feed
2024-05-16T16:59:58+00:00 ERROR WP_Error Object
(
    [errors] => Array
        (
            [http_request_failed] => Array
                (
                    [0] => Only HTTP(S) requests are handled.
                )

        )

    [error_data] => Array
        (
        )

    [additional_data:protected] => Array
        (
        )

)

2024-05-16T16:59:59+00:00 ERROR Error getting data feed
2024-05-16T16:59:59+00:00 ERROR WP_Error Object
(
    [errors] => Array
        (
            [http_request_failed] => Array
                (
                    [0] => Only HTTP(S) requests are handled.
                )

        )

    [error_data] => Array
        (
        )

    [additional_data:protected] => Array
        (
        )

)

2024-05-16T17:22:49+00:00 ERROR Error getting data feed
2024-05-16T17:22:49+00:00 ERROR WP_Error Object
(
    [errors] => Array
        (
            [http_request_failed] => Array
                (
                    [0] => Only HTTP(S) requests are handled.
                )

        )

    [error_data] => Array
        (
        )

    [additional_data:protected] => Array
        (
        )

)

2024-05-16T17:22:50+00:00 ERROR Error getting data feed
2024-05-16T17:22:50+00:00 ERROR WP_Error Object
(
    [errors] => Array
        (
            [http_request_failed] => Array
                (
                    [0] => Only HTTP(S) requests are handled.
                )

        )

    [error_data] => Array
        (
        )

    [additional_data:protected] => Array
        (
        )

)

2024-05-16T17:22:50+00:00 ERROR Error getting data feed
2024-05-16T17:22:50+00:00 ERROR WP_Error Object
(
    [errors] => Array
        (
            [http_request_failed] => Array
                (
                    [0] => Only HTTP(S) requests are handled.
                )

        )

    [error_data] => Array
        (
        )

    [additional_data:protected] => Array
        (
        )

)

2024-05-16T17:23:01+00:00 ERROR Error getting data feed
2024-05-16T17:23:01+00:00 ERROR WP_Error Object
(
    [errors] => Array
        (
            [http_request_failed] => Array
                (
                    [0] => Only HTTP(S) requests are handled.
                )

        )

    [error_data] => Array
        (
        )

    [additional_data:protected] => Array
        (
        )

)

2024-05-16T17:23:01+00:00 ERROR Error getting data feed
2024-05-16T17:23:01+00:00 ERROR WP_Error Object
(
    [errors] => Array
        (
            [http_request_failed] => Array
                (
                    [0] => Only HTTP(S) requests are handled.
                )

        )

    [error_data] => Array
        (
        )

    [additional_data:protected] => Array
        (
        )

)

2024-05-16T17:23:01+00:00 ERROR Error getting data feed
2024-05-16T17:23:01+00:00 ERROR WP_Error Object
(
    [errors] => Array
        (
            [http_request_failed] => Array
                (
                    [0] => Only HTTP(S) requests are handled.
                )

        )

    [error_data] => Array
        (
        )

    [additional_data:protected] => Array
        (
        )

)

2024-05-16T17:23:06+00:00 ERROR Error getting data feed
2024-05-16T17:23:06+00:00 ERROR WP_Error Object
(
    [errors] => Array
        (
            [http_request_failed] => Array
                (
                    [0] => Only HTTP(S) requests are handled.
                )

        )

    [error_data] => Array
        (
        )

    [additional_data:protected] => Array
        (
        )

)

2024-05-16T17:23:06+00:00 ERROR Error getting data feed
2024-05-16T17:23:06+00:00 ERROR WP_Error Object
(
    [errors] => Array
        (
            [http_request_failed] => Array
                (
                    [0] => Only HTTP(S) requests are handled.
                )

        )

    [error_data] => Array
        (
        )

    [additional_data:protected] => Array
        (
        )

)

2024-05-16T17:23:06+00:00 ERROR Error getting data feed
2024-05-16T17:23:06+00:00 ERROR WP_Error Object
(
    [errors] => Array
        (
            [http_request_failed] => Array
                (
                    [0] => Only HTTP(S) requests are handled.
                )

        )

    [error_data] => Array
        (
        )

    [additional_data:protected] => Array
        (
        )

)

2024-05-16T17:41:51+00:00 ERROR Error getting data feed
2024-05-16T17:41:51+00:00 ERROR WP_Error Object
(
    [errors] => Array
        (
            [http_request_failed] => Array
                (
                    [0] => Only HTTP(S) requests are handled.
                )

        )

    [error_data] => Array
        (
        )

    [additional_data:protected] => Array
        (
        )

)

2024-05-16T17:41:52+00:00 ERROR Error getting data feed
2024-05-16T17:41:52+00:00 ERROR WP_Error Object
(
    [errors] => Array
        (
            [http_request_failed] => Array
                (
                    [0] => Only HTTP(S) requests are handled.
                )

        )

    [error_data] => Array
        (
        )

    [additional_data:protected] => Array
        (
        )

)

2024-05-16T17:41:53+00:00 ERROR Error getting data feed
2024-05-16T17:41:53+00:00 ERROR WP_Error Object
(
    [errors] => Array
        (
            [http_request_failed] => Array
                (
                    [0] => Only HTTP(S) requests are handled.
                )

        )

    [error_data] => Array
        (
        )

    [additional_data:protected] => Array
        (
        )

)

2024-05-16T17:42:23+00:00 ERROR Error getting data feed
2024-05-16T17:42:23+00:00 ERROR WP_Error Object
(
    [errors] => Array
        (
            [http_request_failed] => Array
                (
                    [0] => Only HTTP(S) requests are handled.
                )

        )

    [error_data] => Array
        (
        )

    [additional_data:protected] => Array
        (
        )

)

2024-05-16T17:42:25+00:00 ERROR Error getting data feed
2024-05-16T17:42:25+00:00 ERROR WP_Error Object
(
    [errors] => Array
        (
            [http_request_failed] => Array
                (
                    [0] => Only HTTP(S) requests are handled.
                )

        )

    [error_data] => Array
        (
        )

    [additional_data:protected] => Array
        (
        )

)

2024-05-16T17:42:25+00:00 ERROR Error getting data feed
2024-05-16T17:42:25+00:00 ERROR WP_Error Object
(
    [errors] => Array
        (
            [http_request_failed] => Array
                (
                    [0] => Only HTTP(S) requests are handled.
                )

        )

    [error_data] => Array
        (
        )

    [additional_data:protected] => Array
        (
        )

)

2024-05-16T17:42:34+00:00 ERROR Error getting data feed
2024-05-16T17:42:34+00:00 ERROR WP_Error Object
(
    [errors] => Array
        (
            [http_request_failed] => Array
                (
                    [0] => Only HTTP(S) requests are handled.
                )

        )

    [error_data] => Array
        (
        )

    [additional_data:protected] => Array
        (
        )

)

2024-05-16T17:42:37+00:00 ERROR Error getting data feed
2024-05-16T17:42:37+00:00 ERROR WP_Error Object
(
    [errors] => Array
        (
            [http_request_failed] => Array
                (
                    [0] => Only HTTP(S) requests are handled.
                )

        )

    [error_data] => Array
        (
        )

    [additional_data:protected] => Array
        (
        )

)

2024-05-16T17:42:37+00:00 ERROR Error getting data feed
2024-05-16T17:42:37+00:00 ERROR WP_Error Object
(
    [errors] => Array
        (
            [http_request_failed] => Array
                (
                    [0] => Only HTTP(S) requests are handled.
                )

        )

    [error_data] => Array
        (
        )

    [additional_data:protected] => Array
        (
        )

)

2024-05-16T17:42:42+00:00 ERROR Error getting data feed
2024-05-16T17:42:42+00:00 ERROR WP_Error Object
(
    [errors] => Array
        (
            [http_request_failed] => Array
                (
                    [0] => Only HTTP(S) requests are handled.
                )

        )

    [error_data] => Array
        (
        )

    [additional_data:protected] => Array
        (
        )

)

2024-05-16T17:42:42+00:00 ERROR Error getting data feed
2024-05-16T17:42:42+00:00 ERROR WP_Error Object
(
    [errors] => Array
        (
            [http_request_failed] => Array
                (
                    [0] => Only HTTP(S) requests are handled.
                )

        )

    [error_data] => Array
        (
        )

    [additional_data:protected] => Array
        (
        )

)

2024-05-16T17:42:49+00:00 ERROR Error getting data feed
2024-05-16T17:42:49+00:00 ERROR WP_Error Object
(
    [errors] => Array
        (
            [http_request_failed] => Array
                (
                    [0] => Only HTTP(S) requests are handled.
                )

        )

    [error_data] => Array
        (
        )

    [additional_data:protected] => Array
        (
        )

)

2024-05-16T17:42:49+00:00 ERROR Error getting data feed
2024-05-16T17:42:49+00:00 ERROR WP_Error Object
(
    [errors] => Array
        (
            [http_request_failed] => Array
                (
                    [0] => Only HTTP(S) requests are handled.
                )

        )

    [error_data] => Array
        (
        )

    [additional_data:protected] => Array
        (
        )

)

2024-05-16T17:42:50+00:00 ERROR Error getting data feed
2024-05-16T17:42:50+00:00 ERROR WP_Error Object
(
    [errors] => Array
        (
            [http_request_failed] => Array
                (
                    [0] => Only HTTP(S) requests are handled.
                )

        )

    [error_data] => Array
        (
        )

    [additional_data:protected] => Array
        (
        )

)

2024-05-16T17:46:46+00:00 ERROR Error getting data feed
2024-05-16T17:46:46+00:00 ERROR WP_Error Object
(
    [errors] => Array
        (
            [http_request_failed] => Array
                (
                    [0] => Only HTTP(S) requests are handled.
                )

        )

    [error_data] => Array
        (
        )

    [additional_data:protected] => Array
        (
        )

)

2024-05-16T17:46:48+00:00 ERROR Error getting data feed
2024-05-16T17:46:48+00:00 ERROR WP_Error Object
(
    [errors] => Array
        (
            [http_request_failed] => Array
                (
                    [0] => Only HTTP(S) requests are handled.
                )

        )

    [error_data] => Array
        (
        )

    [additional_data:protected] => Array
        (
        )

)

2024-05-16T17:46:48+00:00 ERROR Error getting data feed
2024-05-16T17:46:48+00:00 ERROR WP_Error Object
(
    [errors] => Array
        (
            [http_request_failed] => Array
                (
                    [0] => Only HTTP(S) requests are handled.
                )

        )

    [error_data] => Array
        (
        )

    [additional_data:protected] => Array
        (
        )

)

2024-05-16T17:46:56+00:00 ERROR Error getting data feed
2024-05-16T17:46:56+00:00 ERROR WP_Error Object
(
    [errors] => Array
        (
            [http_request_failed] => Array
                (
                    [0] => Only HTTP(S) requests are handled.
                )

        )

    [error_data] => Array
        (
        )

    [additional_data:protected] => Array
        (
        )

)

2024-05-16T17:46:57+00:00 ERROR Error getting data feed
2024-05-16T17:46:57+00:00 ERROR WP_Error Object
(
    [errors] => Array
        (
            [http_request_failed] => Array
                (
                    [0] => Only HTTP(S) requests are handled.
                )

        )

    [error_data] => Array
        (
        )

    [additional_data:protected] => Array
        (
        )

)

2024-05-16T17:47:19+00:00 ERROR Error getting data feed
2024-05-16T17:47:19+00:00 ERROR WP_Error Object
(
    [errors] => Array
        (
            [http_request_failed] => Array
                (
                    [0] => Only HTTP(S) requests are handled.
                )

        )

    [error_data] => Array
        (
        )

    [additional_data:protected] => Array
        (
        )

)

2024-05-16T17:47:20+00:00 ERROR Error getting data feed
2024-05-16T17:47:20+00:00 ERROR WP_Error Object
(
    [errors] => Array
        (
            [http_request_failed] => Array
                (
                    [0] => Only HTTP(S) requests are handled.
                )

        )

    [error_data] => Array
        (
        )

    [additional_data:protected] => Array
        (
        )

)

2024-05-16T17:47:20+00:00 ERROR Error getting data feed
2024-05-16T17:47:20+00:00 ERROR WP_Error Object
(
    [errors] => Array
        (
            [http_request_failed] => Array
                (
                    [0] => Only HTTP(S) requests are handled.
                )

        )

    [error_data] => Array
        (
        )

    [additional_data:protected] => Array
        (
        )

)

2024-05-16T17:47:33+00:00 ERROR Error getting data feed
2024-05-16T17:47:33+00:00 ERROR WP_Error Object
(
    [errors] => Array
        (
            [http_request_failed] => Array
                (
                    [0] => Only HTTP(S) requests are handled.
                )

        )

    [error_data] => Array
        (
        )

    [additional_data:protected] => Array
        (
        )

)

2024-05-16T17:47:34+00:00 ERROR Error getting data feed
2024-05-16T17:47:34+00:00 ERROR WP_Error Object
(
    [errors] => Array
        (
            [http_request_failed] => Array
                (
                    [0] => Only HTTP(S) requests are handled.
                )

        )

    [error_data] => Array
        (
        )

    [additional_data:protected] => Array
        (
        )

)

2024-05-16T17:47:34+00:00 ERROR Error getting data feed
2024-05-16T17:47:34+00:00 ERROR WP_Error Object
(
    [errors] => Array
        (
            [http_request_failed] => Array
                (
                    [0] => Only HTTP(S) requests are handled.
                )

        )

    [error_data] => Array
        (
        )

    [additional_data:protected] => Array
        (
        )

)

2024-05-16T17:47:43+00:00 ERROR Error getting data feed
2024-05-16T17:47:43+00:00 ERROR WP_Error Object
(
    [errors] => Array
        (
            [http_request_failed] => Array
                (
                    [0] => Only HTTP(S) requests are handled.
                )

        )

    [error_data] => Array
        (
        )

    [additional_data:protected] => Array
        (
        )

)

2024-05-16T17:47:44+00:00 ERROR Error getting data feed
2024-05-16T17:47:44+00:00 ERROR WP_Error Object
(
    [errors] => Array
        (
            [http_request_failed] => Array
                (
                    [0] => Only HTTP(S) requests are handled.
                )

        )

    [error_data] => Array
        (
        )

    [additional_data:protected] => Array
        (
        )

)

2024-05-16T17:47:45+00:00 ERROR Error getting data feed
2024-05-16T17:47:45+00:00 ERROR WP_Error Object
(
    [errors] => Array
        (
            [http_request_failed] => Array
                (
                    [0] => Only HTTP(S) requests are handled.
                )

        )

    [error_data] => Array
        (
        )

    [additional_data:protected] => Array
        (
        )

)

2024-05-16T17:47:45+00:00 ERROR Error getting data feed
2024-05-16T17:47:45+00:00 ERROR WP_Error Object
(
    [errors] => Array
        (
            [http_request_failed] => Array
                (
                    [0] => Only HTTP(S) requests are handled.
                )

        )

    [error_data] => Array
        (
        )

    [additional_data:protected] => Array
        (
        )

)

2024-05-16T17:47:45+00:00 ERROR Error getting data feed
2024-05-16T17:47:45+00:00 ERROR WP_Error Object
(
    [errors] => Array
        (
            [http_request_failed] => Array
                (
                    [0] => Only HTTP(S) requests are handled.
                )

        )

    [error_data] => Array
        (
        )

    [additional_data:protected] => Array
        (
        )

)

2024-05-16T17:47:45+00:00 ERROR Error getting data feed
2024-05-16T17:47:45+00:00 ERROR WP_Error Object
(
    [errors] => Array
        (
            [http_request_failed] => Array
                (
                    [0] => Only HTTP(S) requests are handled.
                )

        )

    [error_data] => Array
        (
        )

    [additional_data:protected] => Array
        (
        )

)

2024-05-16T17:47:48+00:00 ERROR Error getting data feed
2024-05-16T17:47:48+00:00 ERROR WP_Error Object
(
    [errors] => Array
        (
            [http_request_failed] => Array
                (
                    [0] => Only HTTP(S) requests are handled.
                )

        )

    [error_data] => Array
        (
        )

    [additional_data:protected] => Array
        (
        )

)

2024-05-16T17:47:55+00:00 ERROR Error getting data feed
2024-05-16T17:47:55+00:00 ERROR WP_Error Object
(
    [errors] => Array
        (
            [http_request_failed] => Array
                (
                    [0] => Only HTTP(S) requests are handled.
                )

        )

    [error_data] => Array
        (
        )

    [additional_data:protected] => Array
        (
        )

)

2024-05-16T17:47:55+00:00 ERROR Error getting data feed
2024-05-16T17:47:55+00:00 ERROR WP_Error Object
(
    [errors] => Array
        (
            [http_request_failed] => Array
                (
                    [0] => Only HTTP(S) requests are handled.
                )

        )

    [error_data] => Array
        (
        )

    [additional_data:protected] => Array
        (
        )

)

2024-05-16T17:47:55+00:00 ERROR Error getting data feed
2024-05-16T17:47:55+00:00 ERROR WP_Error Object
(
    [errors] => Array
        (
            [http_request_failed] => Array
                (
                    [0] => Only HTTP(S) requests are handled.
                )

        )

    [error_data] => Array
        (
        )

    [additional_data:protected] => Array
        (
        )

)

2024-05-16T17:48:01+00:00 ERROR Error getting data feed
2024-05-16T17:48:01+00:00 ERROR WP_Error Object
(
    [errors] => Array
        (
            [http_request_failed] => Array
                (
                    [0] => Only HTTP(S) requests are handled.
                )

        )

    [error_data] => Array
        (
        )

    [additional_data:protected] => Array
        (
        )

)

2024-05-16T17:48:03+00:00 ERROR Error getting data feed
2024-05-16T17:48:03+00:00 ERROR WP_Error Object
(
    [errors] => Array
        (
            [http_request_failed] => Array
                (
                    [0] => Only HTTP(S) requests are handled.
                )

        )

    [error_data] => Array
        (
        )

    [additional_data:protected] => Array
        (
        )

)

2024-05-16T17:48:03+00:00 ERROR Error getting data feed
2024-05-16T17:48:03+00:00 ERROR WP_Error Object
(
    [errors] => Array
        (
            [http_request_failed] => Array
                (
                    [0] => Only HTTP(S) requests are handled.
                )

        )

    [error_data] => Array
        (
        )

    [additional_data:protected] => Array
        (
        )

)

2024-05-16T17:48:26+00:00 ERROR Error getting data feed
2024-05-16T17:48:26+00:00 ERROR WP_Error Object
(
    [errors] => Array
        (
            [http_request_failed] => Array
                (
                    [0] => Only HTTP(S) requests are handled.
                )

        )

    [error_data] => Array
        (
        )

    [additional_data:protected] => Array
        (
        )

)

2024-05-16T17:48:28+00:00 ERROR Error getting data feed
2024-05-16T17:48:28+00:00 ERROR WP_Error Object
(
    [errors] => Array
        (
            [http_request_failed] => Array
                (
                    [0] => Only HTTP(S) requests are handled.
                )

        )

    [error_data] => Array
        (
        )

    [additional_data:protected] => Array
        (
        )

)

2024-05-16T17:48:29+00:00 ERROR Error getting data feed
2024-05-16T17:48:29+00:00 ERROR WP_Error Object
(
    [errors] => Array
        (
            [http_request_failed] => Array
                (
                    [0] => Only HTTP(S) requests are handled.
                )

        )

    [error_data] => Array
        (
        )

    [additional_data:protected] => Array
        (
        )

)

2024-05-16T17:48:44+00:00 ERROR Error getting data feed
2024-05-16T17:48:44+00:00 ERROR WP_Error Object
(
    [errors] => Array
        (
            [http_request_failed] => Array
                (
                    [0] => Only HTTP(S) requests are handled.
                )

        )

    [error_data] => Array
        (
        )

    [additional_data:protected] => Array
        (
        )

)

2024-05-16T17:48:46+00:00 ERROR Error getting data feed
2024-05-16T17:48:46+00:00 ERROR WP_Error Object
(
    [errors] => Array
        (
            [http_request_failed] => Array
                (
                    [0] => Only HTTP(S) requests are handled.
                )

        )

    [error_data] => Array
        (
        )

    [additional_data:protected] => Array
        (
        )

)

2024-05-16T17:48:49+00:00 ERROR Error getting data feed
2024-05-16T17:48:49+00:00 ERROR WP_Error Object
(
    [errors] => Array
        (
            [http_request_failed] => Array
                (
                    [0] => Only HTTP(S) requests are handled.
                )

        )

    [error_data] => Array
        (
        )

    [additional_data:protected] => Array
        (
        )

)

2024-05-16T17:48:57+00:00 ERROR Error getting data feed
2024-05-16T17:48:57+00:00 ERROR WP_Error Object
(
    [errors] => Array
        (
            [http_request_failed] => Array
                (
                    [0] => Only HTTP(S) requests are handled.
                )

        )

    [error_data] => Array
        (
        )

    [additional_data:protected] => Array
        (
        )

)

2024-05-16T17:48:58+00:00 ERROR Error getting data feed
2024-05-16T17:48:58+00:00 ERROR WP_Error Object
(
    [errors] => Array
        (
            [http_request_failed] => Array
                (
                    [0] => Only HTTP(S) requests are handled.
                )

        )

    [error_data] => Array
        (
        )

    [additional_data:protected] => Array
        (
        )

)

2024-05-16T17:48:59+00:00 ERROR Error getting data feed
2024-05-16T17:48:59+00:00 ERROR WP_Error Object
(
    [errors] => Array
        (
            [http_request_failed] => Array
                (
                    [0] => Only HTTP(S) requests are handled.
                )

        )

    [error_data] => Array
        (
        )

    [additional_data:protected] => Array
        (
        )

)

2024-05-16T17:49:08+00:00 ERROR Error getting data feed
2024-05-16T17:49:08+00:00 ERROR WP_Error Object
(
    [errors] => Array
        (
            [http_request_failed] => Array
                (
                    [0] => Only HTTP(S) requests are handled.
                )

        )

    [error_data] => Array
        (
        )

    [additional_data:protected] => Array
        (
        )

)

2024-05-16T17:49:08+00:00 ERROR Error getting data feed
2024-05-16T17:49:08+00:00 ERROR WP_Error Object
(
    [errors] => Array
        (
            [http_request_failed] => Array
                (
                    [0] => Only HTTP(S) requests are handled.
                )

        )

    [error_data] => Array
        (
        )

    [additional_data:protected] => Array
        (
        )

)

2024-05-16T17:49:09+00:00 ERROR Error getting data feed
2024-05-16T17:49:09+00:00 ERROR WP_Error Object
(
    [errors] => Array
        (
            [http_request_failed] => Array
                (
                    [0] => Only HTTP(S) requests are handled.
                )

        )

    [error_data] => Array
        (
        )

    [additional_data:protected] => Array
        (
        )

)

2024-05-16T17:49:37+00:00 ERROR Error getting data feed
2024-05-16T17:49:37+00:00 ERROR WP_Error Object
(
    [errors] => Array
        (
            [http_request_failed] => Array
                (
                    [0] => Only HTTP(S) requests are handled.
                )

        )

    [error_data] => Array
        (
        )

    [additional_data:protected] => Array
        (
        )

)

2024-05-16T17:49:38+00:00 ERROR Error getting data feed
2024-05-16T17:49:38+00:00 ERROR WP_Error Object
(
    [errors] => Array
        (
            [http_request_failed] => Array
                (
                    [0] => Only HTTP(S) requests are handled.
                )

        )

    [error_data] => Array
        (
        )

    [additional_data:protected] => Array
        (
        )

)

2024-05-16T17:49:38+00:00 ERROR Error getting data feed
2024-05-16T17:49:38+00:00 ERROR WP_Error Object
(
    [errors] => Array
        (
            [http_request_failed] => Array
                (
                    [0] => Only HTTP(S) requests are handled.
                )

        )

    [error_data] => Array
        (
        )

    [additional_data:protected] => Array
        (
        )

)

2024-05-16T17:50:15+00:00 ERROR Error getting data feed
2024-05-16T17:50:15+00:00 ERROR WP_Error Object
(
    [errors] => Array
        (
            [http_request_failed] => Array
                (
                    [0] => Only HTTP(S) requests are handled.
                )

        )

    [error_data] => Array
        (
        )

    [additional_data:protected] => Array
        (
        )

)

2024-05-16T17:50:15+00:00 ERROR Error getting data feed
2024-05-16T17:50:15+00:00 ERROR WP_Error Object
(
    [errors] => Array
        (
            [http_request_failed] => Array
                (
                    [0] => Only HTTP(S) requests are handled.
                )

        )

    [error_data] => Array
        (
        )

    [additional_data:protected] => Array
        (
        )

)

2024-05-16T17:50:15+00:00 ERROR Error getting data feed
2024-05-16T17:50:15+00:00 ERROR WP_Error Object
(
    [errors] => Array
        (
            [http_request_failed] => Array
                (
                    [0] => Only HTTP(S) requests are handled.
                )

        )

    [error_data] => Array
        (
        )

    [additional_data:protected] => Array
        (
        )

)

2024-05-16T17:50:25+00:00 ERROR Error getting data feed
2024-05-16T17:50:25+00:00 ERROR WP_Error Object
(
    [errors] => Array
        (
            [http_request_failed] => Array
                (
                    [0] => Only HTTP(S) requests are handled.
                )

        )

    [error_data] => Array
        (
        )

    [additional_data:protected] => Array
        (
        )

)

2024-05-16T17:50:29+00:00 ERROR Error getting data feed
2024-05-16T17:50:29+00:00 ERROR WP_Error Object
(
    [errors] => Array
        (
            [http_request_failed] => Array
                (
                    [0] => Only HTTP(S) requests are handled.
                )

        )

    [error_data] => Array
        (
        )

    [additional_data:protected] => Array
        (
        )

)

2024-05-16T17:50:30+00:00 ERROR Error getting data feed
2024-05-16T17:50:30+00:00 ERROR WP_Error Object
(
    [errors] => Array
        (
            [http_request_failed] => Array
                (
                    [0] => Only HTTP(S) requests are handled.
                )

        )

    [error_data] => Array
        (
        )

    [additional_data:protected] => Array
        (
        )

)

2024-05-16T17:50:30+00:00 ERROR Error getting data feed
2024-05-16T17:50:30+00:00 ERROR WP_Error Object
(
    [errors] => Array
        (
            [http_request_failed] => Array
                (
                    [0] => Only HTTP(S) requests are handled.
                )

        )

    [error_data] => Array
        (
        )

    [additional_data:protected] => Array
        (
        )

)

2024-05-16T17:50:30+00:00 ERROR Error getting data feed
2024-05-16T17:50:30+00:00 ERROR WP_Error Object
(
    [errors] => Array
        (
            [http_request_failed] => Array
                (
                    [0] => Only HTTP(S) requests are handled.
                )

        )

    [error_data] => Array
        (
        )

    [additional_data:protected] => Array
        (
        )

)

2024-05-16T17:51:29+00:00 ERROR Error getting data feed
2024-05-16T17:51:29+00:00 ERROR WP_Error Object
(
    [errors] => Array
        (
            [http_request_failed] => Array
                (
                    [0] => Only HTTP(S) requests are handled.
                )

        )

    [error_data] => Array
        (
        )

    [additional_data:protected] => Array
        (
        )

)

2024-05-16T17:51:30+00:00 ERROR Error getting data feed
2024-05-16T17:51:30+00:00 ERROR WP_Error Object
(
    [errors] => Array
        (
            [http_request_failed] => Array
                (
                    [0] => Only HTTP(S) requests are handled.
                )

        )

    [error_data] => Array
        (
        )

    [additional_data:protected] => Array
        (
        )

)

2024-05-16T17:51:30+00:00 ERROR Error getting data feed
2024-05-16T17:51:30+00:00 ERROR WP_Error Object
(
    [errors] => Array
        (
            [http_request_failed] => Array
                (
                    [0] => Only HTTP(S) requests are handled.
                )

        )

    [error_data] => Array
        (
        )

    [additional_data:protected] => Array
        (
        )

)

2024-05-16T17:51:36+00:00 ERROR Error getting data feed
2024-05-16T17:51:36+00:00 ERROR WP_Error Object
(
    [errors] => Array
        (
            [http_request_failed] => Array
                (
                    [0] => Only HTTP(S) requests are handled.
                )

        )

    [error_data] => Array
        (
        )

    [additional_data:protected] => Array
        (
        )

)

2024-05-16T17:51:37+00:00 ERROR Error getting data feed
2024-05-16T17:51:37+00:00 ERROR WP_Error Object
(
    [errors] => Array
        (
            [http_request_failed] => Array
                (
                    [0] => Only HTTP(S) requests are handled.
                )

        )

    [error_data] => Array
        (
        )

    [additional_data:protected] => Array
        (
        )

)

2024-05-16T17:51:37+00:00 ERROR Error getting data feed
2024-05-16T17:51:37+00:00 ERROR WP_Error Object
(
    [errors] => Array
        (
            [http_request_failed] => Array
                (
                    [0] => Only HTTP(S) requests are handled.
                )

        )

    [error_data] => Array
        (
        )

    [additional_data:protected] => Array
        (
        )

)

2024-05-16T17:51:55+00:00 ERROR Error getting data feed
2024-05-16T17:51:55+00:00 ERROR WP_Error Object
(
    [errors] => Array
        (
            [http_request_failed] => Array
                (
                    [0] => Only HTTP(S) requests are handled.
                )

        )

    [error_data] => Array
        (
        )

    [additional_data:protected] => Array
        (
        )

)

2024-05-16T17:51:55+00:00 ERROR Error getting data feed
2024-05-16T17:51:55+00:00 ERROR WP_Error Object
(
    [errors] => Array
        (
            [http_request_failed] => Array
                (
                    [0] => Only HTTP(S) requests are handled.
                )

        )

    [error_data] => Array
        (
        )

    [additional_data:protected] => Array
        (
        )

)

2024-05-16T17:51:55+00:00 ERROR Error getting data feed
2024-05-16T17:51:55+00:00 ERROR WP_Error Object
(
    [errors] => Array
        (
            [http_request_failed] => Array
                (
                    [0] => Only HTTP(S) requests are handled.
                )

        )

    [error_data] => Array
        (
        )

    [additional_data:protected] => Array
        (
        )

)

2024-05-16T17:53:58+00:00 ERROR Error getting data feed
2024-05-16T17:53:58+00:00 ERROR WP_Error Object
(
    [errors] => Array
        (
            [http_request_failed] => Array
                (
                    [0] => Only HTTP(S) requests are handled.
                )

        )

    [error_data] => Array
        (
        )

    [additional_data:protected] => Array
        (
        )

)

2024-05-16T17:53:59+00:00 ERROR Error getting data feed
2024-05-16T17:53:59+00:00 ERROR WP_Error Object
(
    [errors] => Array
        (
            [http_request_failed] => Array
                (
                    [0] => Only HTTP(S) requests are handled.
                )

        )

    [error_data] => Array
        (
        )

    [additional_data:protected] => Array
        (
        )

)

2024-05-16T17:53:59+00:00 ERROR Error getting data feed
2024-05-16T17:53:59+00:00 ERROR WP_Error Object
(
    [errors] => Array
        (
            [http_request_failed] => Array
                (
                    [0] => Only HTTP(S) requests are handled.
                )

        )

    [error_data] => Array
        (
        )

    [additional_data:protected] => Array
        (
        )

)

2024-05-16T17:54:13+00:00 ERROR Error getting data feed
2024-05-16T17:54:13+00:00 ERROR WP_Error Object
(
    [errors] => Array
        (
            [http_request_failed] => Array
                (
                    [0] => Only HTTP(S) requests are handled.
                )

        )

    [error_data] => Array
        (
        )

    [additional_data:protected] => Array
        (
        )

)

2024-05-16T17:54:14+00:00 ERROR Error getting data feed
2024-05-16T17:54:14+00:00 ERROR WP_Error Object
(
    [errors] => Array
        (
            [http_request_failed] => Array
                (
                    [0] => Only HTTP(S) requests are handled.
                )

        )

    [error_data] => Array
        (
        )

    [additional_data:protected] => Array
        (
        )

)

2024-05-16T17:54:14+00:00 ERROR Error getting data feed
2024-05-16T17:54:14+00:00 ERROR WP_Error Object
(
    [errors] => Array
        (
            [http_request_failed] => Array
                (
                    [0] => Only HTTP(S) requests are handled.
                )

        )

    [error_data] => Array
        (
        )

    [additional_data:protected] => Array
        (
        )

)

2024-05-16T17:55:09+00:00 ERROR Error getting data feed
2024-05-16T17:55:09+00:00 ERROR WP_Error Object
(
    [errors] => Array
        (
            [http_request_failed] => Array
                (
                    [0] => Only HTTP(S) requests are handled.
                )

        )

    [error_data] => Array
        (
        )

    [additional_data:protected] => Array
        (
        )

)

2024-05-16T17:55:09+00:00 ERROR Error getting data feed
2024-05-16T17:55:09+00:00 ERROR WP_Error Object
(
    [errors] => Array
        (
            [http_request_failed] => Array
                (
                    [0] => Only HTTP(S) requests are handled.
                )

        )

    [error_data] => Array
        (
        )

    [additional_data:protected] => Array
        (
        )

)

2024-05-16T17:55:09+00:00 ERROR Error getting data feed
2024-05-16T17:55:09+00:00 ERROR WP_Error Object
(
    [errors] => Array
        (
            [http_request_failed] => Array
                (
                    [0] => Only HTTP(S) requests are handled.
                )

        )

    [error_data] => Array
        (
        )

    [additional_data:protected] => Array
        (
        )

)

2024-05-16T17:55:21+00:00 ERROR Error getting data feed
2024-05-16T17:55:21+00:00 ERROR WP_Error Object
(
    [errors] => Array
        (
            [http_request_failed] => Array
                (
                    [0] => Only HTTP(S) requests are handled.
                )

        )

    [error_data] => Array
        (
        )

    [additional_data:protected] => Array
        (
        )

)

2024-05-16T17:55:22+00:00 ERROR Error getting data feed
2024-05-16T17:55:22+00:00 ERROR WP_Error Object
(
    [errors] => Array
        (
            [http_request_failed] => Array
                (
                    [0] => Only HTTP(S) requests are handled.
                )

        )

    [error_data] => Array
        (
        )

    [additional_data:protected] => Array
        (
        )

)

2024-05-16T17:55:22+00:00 ERROR Error getting data feed
2024-05-16T17:55:22+00:00 ERROR WP_Error Object
(
    [errors] => Array
        (
            [http_request_failed] => Array
                (
                    [0] => Only HTTP(S) requests are handled.
                )

        )

    [error_data] => Array
        (
        )

    [additional_data:protected] => Array
        (
        )

)

2024-05-16T17:56:02+00:00 ERROR Error getting data feed
2024-05-16T17:56:02+00:00 ERROR WP_Error Object
(
    [errors] => Array
        (
            [http_request_failed] => Array
                (
                    [0] => Only HTTP(S) requests are handled.
                )

        )

    [error_data] => Array
        (
        )

    [additional_data:protected] => Array
        (
        )

)

2024-05-16T17:56:03+00:00 ERROR Error getting data feed
2024-05-16T17:56:03+00:00 ERROR WP_Error Object
(
    [errors] => Array
        (
            [http_request_failed] => Array
                (
                    [0] => Only HTTP(S) requests are handled.
                )

        )

    [error_data] => Array
        (
        )

    [additional_data:protected] => Array
        (
        )

)

2024-05-16T17:56:30+00:00 ERROR Error getting data feed
2024-05-16T17:56:30+00:00 ERROR WP_Error Object
(
    [errors] => Array
        (
            [http_request_failed] => Array
                (
                    [0] => Only HTTP(S) requests are handled.
                )

        )

    [error_data] => Array
        (
        )

    [additional_data:protected] => Array
        (
        )

)

2024-05-16T17:56:30+00:00 ERROR Error getting data feed
2024-05-16T17:56:30+00:00 ERROR WP_Error Object
(
    [errors] => Array
        (
            [http_request_failed] => Array
                (
                    [0] => Only HTTP(S) requests are handled.
                )

        )

    [error_data] => Array
        (
        )

    [additional_data:protected] => Array
        (
        )

)

2024-05-16T18:05:50+00:00 ERROR Error getting data feed
2024-05-16T18:05:50+00:00 ERROR WP_Error Object
(
    [errors] => Array
        (
            [http_request_failed] => Array
                (
                    [0] => Only HTTP(S) requests are handled.
                )

        )

    [error_data] => Array
        (
        )

    [additional_data:protected] => Array
        (
        )

)

2024-05-16T18:05:50+00:00 ERROR Error getting data feed
2024-05-16T18:05:50+00:00 ERROR WP_Error Object
(
    [errors] => Array
        (
            [http_request_failed] => Array
                (
                    [0] => Only HTTP(S) requests are handled.
                )

        )

    [error_data] => Array
        (
        )

    [additional_data:protected] => Array
        (
        )

)

2024-05-16T18:05:50+00:00 ERROR Error getting data feed
2024-05-16T18:05:50+00:00 ERROR WP_Error Object
(
    [errors] => Array
        (
            [http_request_failed] => Array
                (
                    [0] => Only HTTP(S) requests are handled.
                )

        )

    [error_data] => Array
        (
        )

    [additional_data:protected] => Array
        (
        )

)

2024-05-16T18:05:56+00:00 ERROR Error getting data feed
2024-05-16T18:05:56+00:00 ERROR WP_Error Object
(
    [errors] => Array
        (
            [http_request_failed] => Array
                (
                    [0] => Only HTTP(S) requests are handled.
                )

        )

    [error_data] => Array
        (
        )

    [additional_data:protected] => Array
        (
        )

)

2024-05-16T18:05:57+00:00 ERROR Error getting data feed
2024-05-16T18:05:57+00:00 ERROR WP_Error Object
(
    [errors] => Array
        (
            [http_request_failed] => Array
                (
                    [0] => Only HTTP(S) requests are handled.
                )

        )

    [error_data] => Array
        (
        )

    [additional_data:protected] => Array
        (
        )

)

2024-05-16T18:05:57+00:00 ERROR Error getting data feed
2024-05-16T18:05:57+00:00 ERROR WP_Error Object
(
    [errors] => Array
        (
            [http_request_failed] => Array
                (
                    [0] => Only HTTP(S) requests are handled.
                )

        )

    [error_data] => Array
        (
        )

    [additional_data:protected] => Array
        (
        )

)

2024-05-16T18:05:57+00:00 ERROR Error getting data feed
2024-05-16T18:05:57+00:00 ERROR WP_Error Object
(
    [errors] => Array
        (
            [http_request_failed] => Array
                (
                    [0] => Only HTTP(S) requests are handled.
                )

        )

    [error_data] => Array
        (
        )

    [additional_data:protected] => Array
        (
        )

)

2024-05-16T18:05:58+00:00 ERROR Error getting data feed
2024-05-16T18:05:58+00:00 ERROR WP_Error Object
(
    [errors] => Array
        (
            [http_request_failed] => Array
                (
                    [0] => Only HTTP(S) requests are handled.
                )

        )

    [error_data] => Array
        (
        )

    [additional_data:protected] => Array
        (
        )

)

2024-05-16T18:05:58+00:00 ERROR Error getting data feed
2024-05-16T18:05:58+00:00 ERROR WP_Error Object
(
    [errors] => Array
        (
            [http_request_failed] => Array
                (
                    [0] => Only HTTP(S) requests are handled.
                )

        )

    [error_data] => Array
        (
        )

    [additional_data:protected] => Array
        (
        )

)

2024-05-16T18:06:03+00:00 ERROR Error getting data feed
2024-05-16T18:06:03+00:00 ERROR WP_Error Object
(
    [errors] => Array
        (
            [http_request_failed] => Array
                (
                    [0] => Only HTTP(S) requests are handled.
                )

        )

    [error_data] => Array
        (
        )

    [additional_data:protected] => Array
        (
        )

)

2024-05-16T18:06:03+00:00 ERROR Error getting data feed
2024-05-16T18:06:03+00:00 ERROR WP_Error Object
(
    [errors] => Array
        (
            [http_request_failed] => Array
                (
                    [0] => Only HTTP(S) requests are handled.
                )

        )

    [error_data] => Array
        (
        )

    [additional_data:protected] => Array
        (
        )

)

2024-05-16T18:06:03+00:00 ERROR Error getting data feed
2024-05-16T18:06:03+00:00 ERROR WP_Error Object
(
    [errors] => Array
        (
            [http_request_failed] => Array
                (
                    [0] => Only HTTP(S) requests are handled.
                )

        )

    [error_data] => Array
        (
        )

    [additional_data:protected] => Array
        (
        )

)

2024-05-16T18:19:35+00:00 ERROR Error getting data feed
2024-05-16T18:19:35+00:00 ERROR WP_Error Object
(
    [errors] => Array
        (
            [http_request_failed] => Array
                (
                    [0] => Only HTTP(S) requests are handled.
                )

        )

    [error_data] => Array
        (
        )

    [additional_data:protected] => Array
        (
        )

)

2024-05-16T18:19:35+00:00 ERROR Error getting data feed
2024-05-16T18:19:35+00:00 ERROR WP_Error Object
(
    [errors] => Array
        (
            [http_request_failed] => Array
                (
                    [0] => Only HTTP(S) requests are handled.
                )

        )

    [error_data] => Array
        (
        )

    [additional_data:protected] => Array
        (
        )

)

2024-05-16T18:19:35+00:00 ERROR Error getting data feed
2024-05-16T18:19:35+00:00 ERROR WP_Error Object
(
    [errors] => Array
        (
            [http_request_failed] => Array
                (
                    [0] => Only HTTP(S) requests are handled.
                )

        )

    [error_data] => Array
        (
        )

    [additional_data:protected] => Array
        (
        )

)

