2024-05-17T04:16:45+00:00 ERROR Error getting data feed
2024-05-17T04:16:45+00:00 ERROR WP_Error Object
(
    [errors] => Array
        (
            [http_request_failed] => Array
                (
                    [0] => Only HTTP(S) requests are handled.
                )

        )

    [error_data] => Array
        (
        )

    [additional_data:protected] => Array
        (
        )

)

2024-05-17T04:16:58+00:00 ERROR Error getting data feed
2024-05-17T04:16:58+00:00 ERROR WP_Error Object
(
    [errors] => Array
        (
            [http_request_failed] => Array
                (
                    [0] => Only HTTP(S) requests are handled.
                )

        )

    [error_data] => Array
        (
        )

    [additional_data:protected] => Array
        (
        )

)

2024-05-17T04:18:16+00:00 ERROR Error getting data feed
2024-05-17T04:18:16+00:00 ERROR WP_Error Object
(
    [errors] => Array
        (
            [http_request_failed] => Array
                (
                    [0] => Only HTTP(S) requests are handled.
                )

        )

    [error_data] => Array
        (
        )

    [additional_data:protected] => Array
        (
        )

)

2024-05-17T04:18:25+00:00 ERROR Error getting data feed
2024-05-17T04:18:25+00:00 ERROR WP_Error Object
(
    [errors] => Array
        (
            [http_request_failed] => Array
                (
                    [0] => Only HTTP(S) requests are handled.
                )

        )

    [error_data] => Array
        (
        )

    [additional_data:protected] => Array
        (
        )

)

2024-05-17T04:27:36+00:00 ERROR Error getting data feed
2024-05-17T04:27:36+00:00 ERROR WP_Error Object
(
    [errors] => Array
        (
            [http_request_failed] => Array
                (
                    [0] => Only HTTP(S) requests are handled.
                )

        )

    [error_data] => Array
        (
        )

    [additional_data:protected] => Array
        (
        )

)

2024-05-17T04:27:43+00:00 ERROR Error getting data feed
2024-05-17T04:27:43+00:00 ERROR WP_Error Object
(
    [errors] => Array
        (
            [http_request_failed] => Array
                (
                    [0] => Only HTTP(S) requests are handled.
                )

        )

    [error_data] => Array
        (
        )

    [additional_data:protected] => Array
        (
        )

)

2024-05-17T11:56:31+00:00 ERROR Error getting data feed
2024-05-17T11:56:31+00:00 ERROR WP_Error Object
(
    [errors] => Array
        (
            [http_request_failed] => Array
                (
                    [0] => Only HTTP(S) requests are handled.
                )

        )

    [error_data] => Array
        (
        )

    [additional_data:protected] => Array
        (
        )

)

2024-05-17T11:56:33+00:00 ERROR Error getting data feed
2024-05-17T11:56:33+00:00 ERROR WP_Error Object
(
    [errors] => Array
        (
            [http_request_failed] => Array
                (
                    [0] => Only HTTP(S) requests are handled.
                )

        )

    [error_data] => Array
        (
        )

    [additional_data:protected] => Array
        (
        )

)

