2024-05-17T04:16:08+00:00 ERROR Error getting data feed
2024-05-17T04:16:08+00:00 ERROR WP_Error Object
(
    [errors] => Array
        (
            [http_request_failed] => Array
                (
                    [0] => Only HTTP(S) requests are handled.
                )

        )

    [error_data] => Array
        (
        )

    [additional_data:protected] => Array
        (
        )

)

2024-05-17T04:16:27+00:00 ERROR Error getting data feed
2024-05-17T04:16:27+00:00 ERROR WP_Error Object
(
    [errors] => Array
        (
            [http_request_failed] => Array
                (
                    [0] => Only HTTP(S) requests are handled.
                )

        )

    [error_data] => Array
        (
        )

    [additional_data:protected] => Array
        (
        )

)

2024-05-17T04:16:27+00:00 ERROR Error getting data feed
2024-05-17T04:16:27+00:00 ERROR WP_Error Object
(
    [errors] => Array
        (
            [http_request_failed] => Array
                (
                    [0] => Only HTTP(S) requests are handled.
                )

        )

    [error_data] => Array
        (
        )

    [additional_data:protected] => Array
        (
        )

)

2024-05-17T04:16:35+00:00 ERROR Error getting data feed
2024-05-17T04:16:35+00:00 ERROR WP_Error Object
(
    [errors] => Array
        (
            [http_request_failed] => Array
                (
                    [0] => Only HTTP(S) requests are handled.
                )

        )

    [error_data] => Array
        (
        )

    [additional_data:protected] => Array
        (
        )

)

2024-05-17T04:16:35+00:00 ERROR Error getting data feed
2024-05-17T04:16:35+00:00 ERROR WP_Error Object
(
    [errors] => Array
        (
            [http_request_failed] => Array
                (
                    [0] => Only HTTP(S) requests are handled.
                )

        )

    [error_data] => Array
        (
        )

    [additional_data:protected] => Array
        (
        )

)

2024-05-17T04:16:45+00:00 ERROR Error getting data feed
2024-05-17T04:16:45+00:00 ERROR WP_Error Object
(
    [errors] => Array
        (
            [http_request_failed] => Array
                (
                    [0] => Only HTTP(S) requests are handled.
                )

        )

    [error_data] => Array
        (
        )

    [additional_data:protected] => Array
        (
        )

)

2024-05-17T04:16:46+00:00 ERROR Error getting data feed
2024-05-17T04:16:46+00:00 ERROR WP_Error Object
(
    [errors] => Array
        (
            [http_request_failed] => Array
                (
                    [0] => Only HTTP(S) requests are handled.
                )

        )

    [error_data] => Array
        (
        )

    [additional_data:protected] => Array
        (
        )

)

2024-05-17T04:16:46+00:00 ERROR Error getting data feed
2024-05-17T04:16:46+00:00 ERROR WP_Error Object
(
    [errors] => Array
        (
            [http_request_failed] => Array
                (
                    [0] => Only HTTP(S) requests are handled.
                )

        )

    [error_data] => Array
        (
        )

    [additional_data:protected] => Array
        (
        )

)

2024-05-17T04:16:53+00:00 ERROR Error getting data feed
2024-05-17T04:16:53+00:00 ERROR WP_Error Object
(
    [errors] => Array
        (
            [http_request_failed] => Array
                (
                    [0] => Only HTTP(S) requests are handled.
                )

        )

    [error_data] => Array
        (
        )

    [additional_data:protected] => Array
        (
        )

)

2024-05-17T04:17:00+00:00 ERROR Error getting data feed
2024-05-17T04:17:00+00:00 ERROR WP_Error Object
(
    [errors] => Array
        (
            [http_request_failed] => Array
                (
                    [0] => Only HTTP(S) requests are handled.
                )

        )

    [error_data] => Array
        (
        )

    [additional_data:protected] => Array
        (
        )

)

2024-05-17T04:17:01+00:00 ERROR Error getting data feed
2024-05-17T04:17:01+00:00 ERROR WP_Error Object
(
    [errors] => Array
        (
            [http_request_failed] => Array
                (
                    [0] => Only HTTP(S) requests are handled.
                )

        )

    [error_data] => Array
        (
        )

    [additional_data:protected] => Array
        (
        )

)

2024-05-17T04:18:08+00:00 ERROR Error getting data feed
2024-05-17T04:18:08+00:00 ERROR WP_Error Object
(
    [errors] => Array
        (
            [http_request_failed] => Array
                (
                    [0] => Only HTTP(S) requests are handled.
                )

        )

    [error_data] => Array
        (
        )

    [additional_data:protected] => Array
        (
        )

)

2024-05-17T04:18:09+00:00 ERROR Error getting data feed
2024-05-17T04:18:09+00:00 ERROR WP_Error Object
(
    [errors] => Array
        (
            [http_request_failed] => Array
                (
                    [0] => Only HTTP(S) requests are handled.
                )

        )

    [error_data] => Array
        (
        )

    [additional_data:protected] => Array
        (
        )

)

2024-05-17T04:27:28+00:00 ERROR Error getting data feed
2024-05-17T04:27:28+00:00 ERROR WP_Error Object
(
    [errors] => Array
        (
            [http_request_failed] => Array
                (
                    [0] => Only HTTP(S) requests are handled.
                )

        )

    [error_data] => Array
        (
        )

    [additional_data:protected] => Array
        (
        )

)

2024-05-17T04:27:28+00:00 ERROR Error getting data feed
2024-05-17T04:27:28+00:00 ERROR WP_Error Object
(
    [errors] => Array
        (
            [http_request_failed] => Array
                (
                    [0] => Only HTTP(S) requests are handled.
                )

        )

    [error_data] => Array
        (
        )

    [additional_data:protected] => Array
        (
        )

)

2024-05-17T04:28:36+00:00 ERROR Error getting data feed
2024-05-17T04:28:36+00:00 ERROR WP_Error Object
(
    [errors] => Array
        (
            [http_request_failed] => Array
                (
                    [0] => Only HTTP(S) requests are handled.
                )

        )

    [error_data] => Array
        (
        )

    [additional_data:protected] => Array
        (
        )

)

2024-05-17T04:28:36+00:00 ERROR Error getting data feed
2024-05-17T04:28:36+00:00 ERROR WP_Error Object
(
    [errors] => Array
        (
            [http_request_failed] => Array
                (
                    [0] => Only HTTP(S) requests are handled.
                )

        )

    [error_data] => Array
        (
        )

    [additional_data:protected] => Array
        (
        )

)

2024-05-17T04:28:36+00:00 ERROR Error getting data feed
2024-05-17T04:28:36+00:00 ERROR WP_Error Object
(
    [errors] => Array
        (
            [http_request_failed] => Array
                (
                    [0] => Only HTTP(S) requests are handled.
                )

        )

    [error_data] => Array
        (
        )

    [additional_data:protected] => Array
        (
        )

)

2024-05-17T04:29:45+00:00 ERROR Error getting data feed
2024-05-17T04:29:45+00:00 ERROR WP_Error Object
(
    [errors] => Array
        (
            [http_request_failed] => Array
                (
                    [0] => Only HTTP(S) requests are handled.
                )

        )

    [error_data] => Array
        (
        )

    [additional_data:protected] => Array
        (
        )

)

2024-05-17T04:29:45+00:00 ERROR Error getting data feed
2024-05-17T04:29:45+00:00 ERROR WP_Error Object
(
    [errors] => Array
        (
            [http_request_failed] => Array
                (
                    [0] => Only HTTP(S) requests are handled.
                )

        )

    [error_data] => Array
        (
        )

    [additional_data:protected] => Array
        (
        )

)

2024-05-17T04:29:45+00:00 ERROR Error getting data feed
2024-05-17T04:40:31+00:00 ERROR Error getting data feed
2024-05-17T04:40:31+00:00 ERROR WP_Error Object
(
    [errors] => Array
        (
            [http_request_failed] => Array
                (
                    [0] => Only HTTP(S) requests are handled.
                )

        )

    [error_data] => Array
        (
        )

    [additional_data:protected] => Array
        (
        )

)

2024-05-17T04:40:31+00:00 ERROR Error getting data feed
2024-05-17T04:40:31+00:00 ERROR WP_Error Object
(
    [errors] => Array
        (
            [http_request_failed] => Array
                (
                    [0] => Only HTTP(S) requests are handled.
                )

        )

    [error_data] => Array
        (
        )

    [additional_data:protected] => Array
        (
        )

)

2024-05-17T04:40:31+00:00 ERROR Error getting data feed
2024-05-17T04:40:31+00:00 ERROR WP_Error Object
(
    [errors] => Array
        (
            [http_request_failed] => Array
                (
                    [0] => Only HTTP(S) requests are handled.
                )

        )

    [error_data] => Array
        (
        )

    [additional_data:protected] => Array
        (
        )

)

2024-05-17T04:40:49+00:00 ERROR Error getting data feed
2024-05-17T04:40:49+00:00 ERROR WP_Error Object
(
    [errors] => Array
        (
            [http_request_failed] => Array
                (
                    [0] => Only HTTP(S) requests are handled.
                )

        )

    [error_data] => Array
        (
        )

    [additional_data:protected] => Array
        (
        )

)

2024-05-17T04:40:49+00:00 ERROR Error getting data feed
2024-05-17T04:40:49+00:00 ERROR WP_Error Object
(
    [errors] => Array
        (
            [http_request_failed] => Array
                (
                    [0] => Only HTTP(S) requests are handled.
                )

        )

    [error_data] => Array
        (
        )

    [additional_data:protected] => Array
        (
        )

)

2024-05-17T04:40:50+00:00 ERROR Error getting data feed
2024-05-17T04:40:50+00:00 ERROR WP_Error Object
(
    [errors] => Array
        (
            [http_request_failed] => Array
                (
                    [0] => Only HTTP(S) requests are handled.
                )

        )

    [error_data] => Array
        (
        )

    [additional_data:protected] => Array
        (
        )

)

2024-05-17T11:55:32+00:00 ERROR Error getting data feed
2024-05-17T11:55:32+00:00 ERROR WP_Error Object
(
    [errors] => Array
        (
            [http_request_failed] => Array
                (
                    [0] => Only HTTP(S) requests are handled.
                )

        )

    [error_data] => Array
        (
        )

    [additional_data:protected] => Array
        (
        )

)

2024-05-17T11:56:22+00:00 ERROR Error getting data feed
2024-05-17T11:56:22+00:00 ERROR WP_Error Object
(
    [errors] => Array
        (
            [http_request_failed] => Array
                (
                    [0] => Only HTTP(S) requests are handled.
                )

        )

    [error_data] => Array
        (
        )

    [additional_data:protected] => Array
        (
        )

)

2024-05-17T11:56:23+00:00 ERROR Error getting data feed
2024-05-17T11:56:23+00:00 ERROR WP_Error Object
(
    [errors] => Array
        (
            [http_request_failed] => Array
                (
                    [0] => Only HTTP(S) requests are handled.
                )

        )

    [error_data] => Array
        (
        )

    [additional_data:protected] => Array
        (
        )

)

2024-05-17T11:59:31+00:00 ERROR Error getting data feed
2024-05-17T11:59:31+00:00 ERROR WP_Error Object
(
    [errors] => Array
        (
            [http_request_failed] => Array
                (
                    [0] => Only HTTP(S) requests are handled.
                )

        )

    [error_data] => Array
        (
        )

    [additional_data:protected] => Array
        (
        )

)

2024-05-17T11:59:55+00:00 ERROR Error getting data feed
2024-05-17T11:59:55+00:00 ERROR WP_Error Object
(
    [errors] => Array
        (
            [http_request_failed] => Array
                (
                    [0] => Only HTTP(S) requests are handled.
                )

        )

    [error_data] => Array
        (
        )

    [additional_data:protected] => Array
        (
        )

)

2024-05-17T11:59:55+00:00 ERROR Error getting data feed
2024-05-17T11:59:55+00:00 ERROR WP_Error Object
(
    [errors] => Array
        (
            [http_request_failed] => Array
                (
                    [0] => Only HTTP(S) requests are handled.
                )

        )

    [error_data] => Array
        (
        )

    [additional_data:protected] => Array
        (
        )

)

2024-05-17T11:59:56+00:00 ERROR Error getting data feed
2024-05-17T11:59:56+00:00 ERROR WP_Error Object
(
    [errors] => Array
        (
            [http_request_failed] => Array
                (
                    [0] => Only HTTP(S) requests are handled.
                )

        )

    [error_data] => Array
        (
        )

    [additional_data:protected] => Array
        (
        )

)

2024-05-17T12:18:00+00:00 ERROR Error getting data feed
2024-05-17T12:18:00+00:00 ERROR WP_Error Object
(
    [errors] => Array
        (
            [http_request_failed] => Array
                (
                    [0] => Only HTTP(S) requests are handled.
                )

        )

    [error_data] => Array
        (
        )

    [additional_data:protected] => Array
        (
        )

)

2024-05-17T12:18:01+00:00 ERROR Error getting data feed
2024-05-17T12:18:01+00:00 ERROR WP_Error Object
(
    [errors] => Array
        (
            [http_request_failed] => Array
                (
                    [0] => Only HTTP(S) requests are handled.
                )

        )

    [error_data] => Array
        (
        )

    [additional_data:protected] => Array
        (
        )

)

2024-05-17T12:18:01+00:00 ERROR Error getting data feed
2024-05-17T12:18:01+00:00 ERROR WP_Error Object
(
    [errors] => Array
        (
            [http_request_failed] => Array
                (
                    [0] => Only HTTP(S) requests are handled.
                )

        )

    [error_data] => Array
        (
        )

    [additional_data:protected] => Array
        (
        )

)

2024-05-17T12:18:31+00:00 ERROR Error getting data feed
2024-05-17T12:18:31+00:00 ERROR WP_Error Object
(
    [errors] => Array
        (
            [http_request_failed] => Array
                (
                    [0] => Only HTTP(S) requests are handled.
                )

        )

    [error_data] => Array
        (
        )

    [additional_data:protected] => Array
        (
        )

)

2024-05-17T12:18:31+00:00 ERROR Error getting data feed
2024-05-17T12:18:31+00:00 ERROR WP_Error Object
(
    [errors] => Array
        (
            [http_request_failed] => Array
                (
                    [0] => Only HTTP(S) requests are handled.
                )

        )

    [error_data] => Array
        (
        )

    [additional_data:protected] => Array
        (
        )

)

2024-05-17T12:18:31+00:00 ERROR Error getting data feed
2024-05-17T12:18:31+00:00 ERROR WP_Error Object
(
    [errors] => Array
        (
            [http_request_failed] => Array
                (
                    [0] => Only HTTP(S) requests are handled.
                )

        )

    [error_data] => Array
        (
        )

    [additional_data:protected] => Array
        (
        )

)

2024-05-17T12:18:51+00:00 ERROR Error getting data feed
2024-05-17T12:18:51+00:00 ERROR WP_Error Object
(
    [errors] => Array
        (
            [http_request_failed] => Array
                (
                    [0] => Only HTTP(S) requests are handled.
                )

        )

    [error_data] => Array
        (
        )

    [additional_data:protected] => Array
        (
        )

)

2024-05-17T12:18:51+00:00 ERROR Error getting data feed
2024-05-17T12:18:51+00:00 ERROR WP_Error Object
(
    [errors] => Array
        (
            [http_request_failed] => Array
                (
                    [0] => Only HTTP(S) requests are handled.
                )

        )

    [error_data] => Array
        (
        )

    [additional_data:protected] => Array
        (
        )

)

2024-05-17T12:18:52+00:00 ERROR Error getting data feed
2024-05-17T12:18:52+00:00 ERROR WP_Error Object
(
    [errors] => Array
        (
            [http_request_failed] => Array
                (
                    [0] => Only HTTP(S) requests are handled.
                )

        )

    [error_data] => Array
        (
        )

    [additional_data:protected] => Array
        (
        )

)

2024-05-17T12:22:18+00:00 ERROR Error getting data feed
2024-05-17T12:22:18+00:00 ERROR WP_Error Object
(
    [errors] => Array
        (
            [http_request_failed] => Array
                (
                    [0] => Only HTTP(S) requests are handled.
                )

        )

    [error_data] => Array
        (
        )

    [additional_data:protected] => Array
        (
        )

)

2024-05-17T12:22:18+00:00 ERROR Error getting data feed
2024-05-17T12:22:18+00:00 ERROR WP_Error Object
(
    [errors] => Array
        (
            [http_request_failed] => Array
                (
                    [0] => Only HTTP(S) requests are handled.
                )

        )

    [error_data] => Array
        (
        )

    [additional_data:protected] => Array
        (
        )

)

2024-05-17T12:22:18+00:00 ERROR Error getting data feed
2024-05-17T12:22:18+00:00 ERROR WP_Error Object
(
    [errors] => Array
        (
            [http_request_failed] => Array
                (
                    [0] => Only HTTP(S) requests are handled.
                )

        )

    [error_data] => Array
        (
        )

    [additional_data:protected] => Array
        (
        )

)

2024-05-17T12:22:28+00:00 ERROR Error getting data feed
2024-05-17T12:22:28+00:00 ERROR WP_Error Object
(
    [errors] => Array
        (
            [http_request_failed] => Array
                (
                    [0] => Only HTTP(S) requests are handled.
                )

        )

    [error_data] => Array
        (
        )

    [additional_data:protected] => Array
        (
        )

)

2024-05-17T12:22:28+00:00 ERROR Error getting data feed
2024-05-17T12:22:28+00:00 ERROR WP_Error Object
(
    [errors] => Array
        (
            [http_request_failed] => Array
                (
                    [0] => Only HTTP(S) requests are handled.
                )

        )

    [error_data] => Array
        (
        )

    [additional_data:protected] => Array
        (
        )

)

2024-05-17T12:22:28+00:00 ERROR Error getting data feed
2024-05-17T12:22:28+00:00 ERROR WP_Error Object
(
    [errors] => Array
        (
            [http_request_failed] => Array
                (
                    [0] => Only HTTP(S) requests are handled.
                )

        )

    [error_data] => Array
        (
        )

    [additional_data:protected] => Array
        (
        )

)

